#
# There is insufficient memory for the Java Runtime Environment to continue.
# Native memory allocation (malloc) failed to allocate 1511696 bytes. Error detail: Chunk::new
# Possible reasons:
#   The system is out of physical RAM or swap space
#   This process is running with CompressedOops enabled, and the Java Heap may be blocking the growth of the native heap
# Possible solutions:
#   Reduce memory load on the system
#   Increase physical memory or swap space
#   Check if swap backing store is full
#   Decrease Java heap size (-Xmx/-Xms)
#   Decrease number of Java threads
#   Decrease Java thread stack sizes (-Xss)
#   Set larger code cache with -XX:ReservedCodeCacheSize=
#   JVM is running with Unscaled Compressed Oops mode in which the Java heap is
#     placed in the first 4GB address space. The Java Heap base address is the
#     maximum limit for the native heap growth. Please use -XX:HeapBaseMinAddress
#     to set the Java Heap base and to place the Java Heap above 4GB virtual address.
# This output file may be truncated or incomplete.
#
#  Out of Memory Error (arena.cpp:168), pid=14076, tid=12220
#
# JRE version: OpenJDK Runtime Environment Temurin-21.0.7+6 (21.0.7+6) (build 21.0.7+6-LTS)
# Java VM: OpenJDK 64-Bit Server VM Temurin-21.0.7+6 (21.0.7+6-LTS, mixed mode, sharing, tiered, compressed oops, compressed class ptrs, parallel gc, windows-amd64)
# No core dump will be written. Minidumps are not enabled by default on client versions of Windows
#

---------------  S U M M A R Y ------------

Command Line: --add-modules=ALL-SYSTEM --add-opens=java.base/java.util=ALL-UNNAMED --add-opens=java.base/java.lang=ALL-UNNAMED --add-opens=java.base/sun.nio.fs=ALL-UNNAMED -Declipse.application=org.eclipse.jdt.ls.core.id1 -Dosgi.bundles.defaultStartLevel=4 -Declipse.product=org.eclipse.jdt.ls.core.product -Djava.import.generatesMetadataFilesAtProjectRoot=false -DDetectVMInstallationsJob.disabled=true -Dfile.encoding=utf8 -XX:+UseParallelGC -XX:GCTimeRatio=4 -XX:AdaptiveSizePolicyWeight=90 -Dsun.zip.disableMemoryMapping=true -Xmx1G -Xms100m -Xlog:disable -javaagent:c:\Users\dilan\.vscode\extensions\redhat.java-1.42.0-win32-x64\lombok\lombok-1.18.36.jar -XX:+HeapDumpOnOutOfMemoryError -XX:HeapDumpPath=c:\Users\dilan\AppData\Roaming\Code\User\workspaceStorage\964a0a08aa6b98e66c53ab9b49f608ec\redhat.java -Daether.dependencyCollector.impl=bf c:\Users\dilan\.vscode\extensions\redhat.java-1.42.0-win32-x64\server\plugins\org.eclipse.equinox.launcher_1.7.0.v20250424-1814.jar -configuration c:\Users\dilan\AppData\Roaming\Code\User\globalStorage\redhat.java\1.42.0\config_win -data c:\Users\dilan\AppData\Roaming\Code\User\workspaceStorage\964a0a08aa6b98e66c53ab9b49f608ec\redhat.java\jdt_ws --pipe=\\.\pipe\lsp-c36b1c22ab26e79aa5e8001de54c74ef-sock

Host: 11th Gen Intel(R) Core(TM) i5-1135G7 @ 2.40GHz, 8 cores, 7G,  Windows 11 , 64 bit Build 22621 (10.0.22621.5262)
Time: Tue May 20 22:16:19 2025 Hora estándar, América Central elapsed time: 2.951034 seconds (0d 0h 0m 2s)

---------------  T H R E A D  ---------------

Current thread (0x0000027058589d20):  JavaThread "C2 CompilerThread1" daemon [_thread_in_native, id=12220, stack(0x0000007ec1700000,0x0000007ec1800000) (1024K)]


Current CompileTask:
C2:2951 3184       4       java.lang.invoke.MethodType::makeImpl (109 bytes)

Stack: [0x0000007ec1700000,0x0000007ec1800000]
Native frames: (J=compiled Java code, j=interpreted, Vv=VM code, C=native code)
V  [jvm.dll+0x6ce119]
V  [jvm.dll+0x8a84a1]
V  [jvm.dll+0x8aa9ce]
V  [jvm.dll+0x8ab0b3]
V  [jvm.dll+0x27f8a6]
V  [jvm.dll+0xc507d]
V  [jvm.dll+0xc55b3]
V  [jvm.dll+0x3b68f2]
V  [jvm.dll+0x382aa5]
V  [jvm.dll+0x381f0a]
V  [jvm.dll+0x247af0]
V  [jvm.dll+0x2470cf]
V  [jvm.dll+0x1c760e]
V  [jvm.dll+0x25695a]
V  [jvm.dll+0x254efa]
V  [jvm.dll+0x3f03f6]
V  [jvm.dll+0x851f6b]
V  [jvm.dll+0x6cc7dd]
C  [ucrtbase.dll+0x29333]
C  [KERNEL32.DLL+0x1259d]
C  [ntdll.dll+0x5af58]


---------------  P R O C E S S  ---------------

Threads class SMR info:
_java_thread_list=0x000002705d124070, length=22, elements={
0x000002707ed6cfe0, 0x0000027015806e00, 0x0000027015808660, 0x000002701580bdf0,
0x000002701580aa40, 0x000002701580d830, 0x000002701580b0d0, 0x0000027015813e00,
0x0000027015832980, 0x000002701580cb10, 0x000002701580d1a0, 0x0000027058589d20,
0x000002701580c480, 0x000002701580dec0, 0x000002701580b760, 0x00000270588406b0,
0x000002705883ec70, 0x0000027058840d40, 0x0000027058841a60, 0x00000270588413d0,
0x00000270588420f0, 0x000002705883f300
}

Java Threads: ( => current thread )
  0x000002707ed6cfe0 JavaThread "main"                              [_thread_blocked, id=11404, stack(0x0000007ec0600000,0x0000007ec0700000) (1024K)]
  0x0000027015806e00 JavaThread "Reference Handler"          daemon [_thread_blocked, id=15716, stack(0x0000007ec0d00000,0x0000007ec0e00000) (1024K)]
  0x0000027015808660 JavaThread "Finalizer"                  daemon [_thread_blocked, id=10828, stack(0x0000007ec0e00000,0x0000007ec0f00000) (1024K)]
  0x000002701580bdf0 JavaThread "Signal Dispatcher"          daemon [_thread_blocked, id=7040, stack(0x0000007ec0f00000,0x0000007ec1000000) (1024K)]
  0x000002701580aa40 JavaThread "Attach Listener"            daemon [_thread_blocked, id=4764, stack(0x0000007ec1000000,0x0000007ec1100000) (1024K)]
  0x000002701580d830 JavaThread "Service Thread"             daemon [_thread_blocked, id=2084, stack(0x0000007ec1100000,0x0000007ec1200000) (1024K)]
  0x000002701580b0d0 JavaThread "Monitor Deflation Thread"   daemon [_thread_blocked, id=16352, stack(0x0000007ec1200000,0x0000007ec1300000) (1024K)]
  0x0000027015813e00 JavaThread "C2 CompilerThread0"         daemon [_thread_in_native, id=14720, stack(0x0000007ec1300000,0x0000007ec1400000) (1024K)]
  0x0000027015832980 JavaThread "C1 CompilerThread0"         daemon [_thread_blocked, id=2784, stack(0x0000007ec1400000,0x0000007ec1500000) (1024K)]
  0x000002701580cb10 JavaThread "Common-Cleaner"             daemon [_thread_blocked, id=10104, stack(0x0000007ec1500000,0x0000007ec1600000) (1024K)]
  0x000002701580d1a0 JavaThread "Notification Thread"        daemon [_thread_blocked, id=11068, stack(0x0000007ec1600000,0x0000007ec1700000) (1024K)]
=>0x0000027058589d20 JavaThread "C2 CompilerThread1"         daemon [_thread_in_native, id=12220, stack(0x0000007ec1700000,0x0000007ec1800000) (1024K)]
  0x000002701580c480 JavaThread "Active Thread: Equinox Container: bc9f8f1d-c023-4508-9a9a-208105314970"        [_thread_blocked, id=14916, stack(0x0000007ec1e00000,0x0000007ec1f00000) (1024K)]
  0x000002701580dec0 JavaThread "Refresh Thread: Equinox Container: bc9f8f1d-c023-4508-9a9a-208105314970" daemon [_thread_blocked, id=6892, stack(0x0000007ec1f00000,0x0000007ec2000000) (1024K)]
  0x000002701580b760 JavaThread "Framework Event Dispatcher: Equinox Container: bc9f8f1d-c023-4508-9a9a-208105314970" daemon [_thread_blocked, id=15116, stack(0x0000007ec2100000,0x0000007ec2200000) (1024K)]
  0x00000270588406b0 JavaThread "Start Level: Equinox Container: bc9f8f1d-c023-4508-9a9a-208105314970" daemon [_thread_in_vm, id=2148, stack(0x0000007ec2200000,0x0000007ec2300000) (1024K)]
  0x000002705883ec70 JavaThread "Bundle File Closer"         daemon [_thread_blocked, id=15144, stack(0x0000007ec2300000,0x0000007ec2400000) (1024K)]
  0x0000027058840d40 JavaThread "SCR Component Actor"        daemon [_thread_blocked, id=11008, stack(0x0000007ec2400000,0x0000007ec2500000) (1024K)]
  0x0000027058841a60 JavaThread "SCR Component Registry"     daemon [_thread_blocked, id=17440, stack(0x0000007ec2500000,0x0000007ec2600000) (1024K)]
  0x00000270588413d0 JavaThread "Worker-JM"                         [_thread_blocked, id=10116, stack(0x0000007ec2600000,0x0000007ec2700000) (1024K)]
  0x00000270588420f0 JavaThread "Worker-0: Checking project encoding"        [_thread_blocked, id=15136, stack(0x0000007ec2700000,0x0000007ec2800000) (1024K)]
  0x000002705883f300 JavaThread "Worker-1"                          [_thread_blocked, id=4620, stack(0x0000007ec2800000,0x0000007ec2900000) (1024K)]
Total: 22

Other Threads:
  0x00000270014f8f70 VMThread "VM Thread"                           [id=3184, stack(0x0000007ec0c00000,0x0000007ec0d00000) (1024K)]
  0x00000270014c8f90 WatcherThread "VM Periodic Task Thread"        [id=13612, stack(0x0000007ec0b00000,0x0000007ec0c00000) (1024K)]
  0x00000270014797a0 WorkerThread "GC Thread#0"                     [id=10976, stack(0x0000007ec0a00000,0x0000007ec0b00000) (1024K)]
  0x0000027058984890 WorkerThread "GC Thread#1"                     [id=13984, stack(0x0000007ec1800000,0x0000007ec1900000) (1024K)]
  0x0000027058984c30 WorkerThread "GC Thread#2"                     [id=13040, stack(0x0000007ec1900000,0x0000007ec1a00000) (1024K)]
  0x0000027058984fd0 WorkerThread "GC Thread#3"                     [id=7988, stack(0x0000007ec1a00000,0x0000007ec1b00000) (1024K)]
  0x00000270589aa690 WorkerThread "GC Thread#4"                     [id=6592, stack(0x0000007ec1b00000,0x0000007ec1c00000) (1024K)]
  0x00000270589aaa30 WorkerThread "GC Thread#5"                     [id=15416, stack(0x0000007ec1c00000,0x0000007ec1d00000) (1024K)]
  0x00000270589aadd0 WorkerThread "GC Thread#6"                     [id=9756, stack(0x0000007ec1d00000,0x0000007ec1e00000) (1024K)]
  0x0000027058dbdd60 WorkerThread "GC Thread#7"                     [id=8744, stack(0x0000007ec2000000,0x0000007ec2100000) (1024K)]
Total: 10

Threads with active compile tasks:
C2 CompilerThread0  2987 3342       4       org.eclipse.osgi.container.ModuleCapability::getAttributes (39 bytes)
C2 CompilerThread1  2987 3184       4       java.lang.invoke.MethodType::makeImpl (109 bytes)
Total: 2

VM state: not at safepoint (normal execution)

VM Mutex/Monitor currently owned by a thread: None

Heap address: 0x00000000c0000000, size: 1024 MB, Compressed Oops mode: 32-bit

CDS archive(s) mapped at: [0x0000027016000000-0x0000027016ba0000-0x0000027016ba0000), size 12189696, SharedBaseAddress: 0x0000027016000000, ArchiveRelocationMode: 1.
Compressed class space mapped at: 0x0000027017000000-0x0000027057000000, reserved size: 1073741824
Narrow klass base: 0x0000027016000000, Narrow klass shift: 0, Narrow klass range: 0x100000000

GC Precious Log:
 CardTable entry size: 512
 CPUs: 8 total, 8 available
 Memory: 7975M
 Large Page Support: Disabled
 NUMA Support: Disabled
 Compressed Oops: Enabled (32-bit)
 Alignments: Space 512K, Generation 512K, Heap 2M
 Heap Min Capacity: 100M
 Heap Initial Capacity: 100M
 Heap Max Capacity: 1G
 Pre-touch: Disabled
 Parallel Workers: 8

Heap:
 PSYoungGen      total 29184K, used 15468K [0x00000000eab00000, 0x00000000ece80000, 0x0000000100000000)
  eden space 25088K, 45% used [0x00000000eab00000,0x00000000eb61d540,0x00000000ec380000)
  from space 4096K, 99% used [0x00000000ec400000,0x00000000ec7fdcc0,0x00000000ec800000)
  to   space 5632K, 0% used [0x00000000ec900000,0x00000000ec900000,0x00000000ece80000)
 ParOldGen       total 68608K, used 7776K [0x00000000c0000000, 0x00000000c4300000, 0x00000000eab00000)
  object space 68608K, 11% used [0x00000000c0000000,0x00000000c0798100,0x00000000c4300000)
 Metaspace       used 16789K, committed 17408K, reserved 1114112K
  class space    used 1692K, committed 1984K, reserved 1048576K

Card table byte_map: [0x000002707f960000,0x000002707fb70000] _byte_map_base: 0x000002707f360000

Marking Bits: (ParMarkBitMap*) 0x00007ffe0cfe31f0
 Begin Bits: [0x0000027013640000, 0x0000027014640000)
 End Bits:   [0x0000027014640000, 0x0000027015640000)

Polling page: 0x000002707f750000

Metaspace:

Usage:
  Non-class:     14.74 MB used.
      Class:      1.65 MB used.
       Both:     16.40 MB used.

Virtual space:
  Non-class space:       64.00 MB reserved,      15.06 MB ( 24%) committed,  1 nodes.
      Class space:        1.00 GB reserved,       1.94 MB ( <1%) committed,  1 nodes.
             Both:        1.06 GB reserved,      17.00 MB (  2%) committed. 

Chunk freelists:
   Non-Class:  896.00 KB
       Class:  14.10 MB
        Both:  14.97 MB

MaxMetaspaceSize: unlimited
CompressedClassSpaceSize: 1.00 GB
Initial GC threshold: 21.00 MB
Current GC threshold: 21.00 MB
CDS: on
 - commit_granule_bytes: 65536.
 - commit_granule_words: 8192.
 - virtual_space_node_default_size: 8388608.
 - enlarge_chunks_in_place: 1.
 - use_allocation_guard: 0.


Internal statistics:

num_allocs_failed_limit: 0.
num_arena_births: 520.
num_arena_deaths: 0.
num_vsnodes_births: 2.
num_vsnodes_deaths: 0.
num_space_committed: 272.
num_space_uncommitted: 0.
num_chunks_returned_to_freelist: 0.
num_chunks_taken_from_freelist: 1091.
num_chunk_merges: 0.
num_chunk_splits: 726.
num_chunks_enlarged: 486.
num_inconsistent_stats: 0.

CodeHeap 'non-profiled nmethods': size=120000Kb used=1479Kb max_used=1479Kb free=118520Kb
 bounds [0x000002700c110000, 0x000002700c380000, 0x0000027013640000]
CodeHeap 'profiled nmethods': size=120000Kb used=6881Kb max_used=6881Kb free=113118Kb
 bounds [0x0000027004640000, 0x0000027004d00000, 0x000002700bb70000]
CodeHeap 'non-nmethods': size=5760Kb used=1274Kb max_used=1290Kb free=4485Kb
 bounds [0x000002700bb70000, 0x000002700bde0000, 0x000002700c110000]
 total_blobs=3880 nmethods=3341 adapters=445
 compilation: enabled
              stopped_count=0, restarted_count=0
 full_count=0

Compilation events (20 events):
Event: 2.937 Thread 0x0000027015832980 nmethod 3303 0x0000027004cd3a10 code [0x0000027004cd3bc0, 0x0000027004cd3dc8]
Event: 2.940 Thread 0x0000027015832980 3304       3       org.objectweb.asm.ByteVector::<init> (13 bytes)
Event: 2.940 Thread 0x0000027015832980 nmethod 3304 0x0000027004cd3e90 code [0x0000027004cd4040, 0x0000027004cd4260]
Event: 2.940 Thread 0x0000027015832980 3305       3       org.objectweb.asm.Frame::getInputStackSize (6 bytes)
Event: 2.940 Thread 0x0000027015832980 nmethod 3305 0x0000027004cd4310 code [0x0000027004cd44a0, 0x0000027004cd45b8]
Event: 2.942 Thread 0x0000027015832980 3306       3       org.objectweb.asm.Frame::merge (395 bytes)
Event: 2.943 Thread 0x0000027015832980 nmethod 3306 0x0000027004cd4690 code [0x0000027004cd4940, 0x0000027004cd5620]
Event: 2.943 Thread 0x0000027015832980 3307       3       java.util.zip.Inflater::inflate (9 bytes)
Event: 2.944 Thread 0x0000027015832980 nmethod 3307 0x0000027004cd5c90 code [0x0000027004cd5e40, 0x0000027004cd5f90]
Event: 2.944 Thread 0x0000027015813e00 3308       4       org.objectweb.asm.ClassReader::readUtf (161 bytes)
Event: 2.944 Thread 0x0000027015832980 3309       3       java.nio.HeapByteBuffer::byteOffset (7 bytes)
Event: 2.944 Thread 0x0000027015832980 nmethod 3309 0x0000027004cd6090 code [0x0000027004cd6220, 0x0000027004cd6330]
Event: 2.944 Thread 0x0000027015832980 3310       3       java.nio.Buffer::nextGetIndex (32 bytes)
Event: 2.944 Thread 0x0000027015832980 nmethod 3310 0x0000027004cd6390 code [0x0000027004cd6540, 0x0000027004cd6710]
Event: 2.945 Thread 0x0000027015832980 3311       3       jdk.internal.jimage.ImageReader::requireOpen (18 bytes)
Event: 2.945 Thread 0x0000027015832980 nmethod 3311 0x0000027004cd6810 code [0x0000027004cd69c0, 0x0000027004cd6bd8]
Event: 2.946 Thread 0x0000027015832980 3312       3       org.objectweb.asm.Label::accept (69 bytes)
Event: 2.946 Thread 0x0000027015832980 nmethod 3312 0x0000027004cd6d10 code [0x0000027004cd6f00, 0x0000027004cd7438]
Event: 2.947 Thread 0x0000027015832980 3313       3       org.objectweb.asm.SymbolTable::addConstantClass (8 bytes)
Event: 2.947 Thread 0x0000027015832980 nmethod 3313 0x0000027004cd7610 code [0x0000027004cd77c0, 0x0000027004cd7908]

GC Heap History (10 events):
Event: 0.739 GC heap before
{Heap before GC invocations=1 (full 0):
 PSYoungGen      total 29696K, used 25600K [0x00000000eab00000, 0x00000000ecc00000, 0x0000000100000000)
  eden space 25600K, 100% used [0x00000000eab00000,0x00000000ec400000,0x00000000ec400000)
  from space 4096K, 0% used [0x00000000ec800000,0x00000000ec800000,0x00000000ecc00000)
  to   space 4096K, 0% used [0x00000000ec400000,0x00000000ec400000,0x00000000ec800000)
 ParOldGen       total 68608K, used 0K [0x00000000c0000000, 0x00000000c4300000, 0x00000000eab00000)
  object space 68608K, 0% used [0x00000000c0000000,0x00000000c0000000,0x00000000c4300000)
 Metaspace       used 4315K, committed 4544K, reserved 1114112K
  class space    used 458K, committed 576K, reserved 1048576K
}
Event: 0.749 GC heap after
{Heap after GC invocations=1 (full 0):
 PSYoungGen      total 29696K, used 3270K [0x00000000eab00000, 0x00000000ecc00000, 0x0000000100000000)
  eden space 25600K, 0% used [0x00000000eab00000,0x00000000eab00000,0x00000000ec400000)
  from space 4096K, 79% used [0x00000000ec400000,0x00000000ec731870,0x00000000ec800000)
  to   space 4096K, 0% used [0x00000000ec800000,0x00000000ec800000,0x00000000ecc00000)
 ParOldGen       total 68608K, used 0K [0x00000000c0000000, 0x00000000c4300000, 0x00000000eab00000)
  object space 68608K, 0% used [0x00000000c0000000,0x00000000c0000000,0x00000000c4300000)
 Metaspace       used 4315K, committed 4544K, reserved 1114112K
  class space    used 458K, committed 576K, reserved 1048576K
}
Event: 1.324 GC heap before
{Heap before GC invocations=2 (full 0):
 PSYoungGen      total 29696K, used 28870K [0x00000000eab00000, 0x00000000ecc00000, 0x0000000100000000)
  eden space 25600K, 100% used [0x00000000eab00000,0x00000000ec400000,0x00000000ec400000)
  from space 4096K, 79% used [0x00000000ec400000,0x00000000ec731870,0x00000000ec800000)
  to   space 4096K, 0% used [0x00000000ec800000,0x00000000ec800000,0x00000000ecc00000)
 ParOldGen       total 68608K, used 0K [0x00000000c0000000, 0x00000000c4300000, 0x00000000eab00000)
  object space 68608K, 0% used [0x00000000c0000000,0x00000000c0000000,0x00000000c4300000)
 Metaspace       used 8044K, committed 8320K, reserved 1114112K
  class space    used 816K, committed 960K, reserved 1048576K
}
Event: 1.329 GC heap after
{Heap after GC invocations=2 (full 0):
 PSYoungGen      total 29696K, used 4084K [0x00000000eab00000, 0x00000000ecc00000, 0x0000000100000000)
  eden space 25600K, 0% used [0x00000000eab00000,0x00000000eab00000,0x00000000ec400000)
  from space 4096K, 99% used [0x00000000ec800000,0x00000000ecbfd1e8,0x00000000ecc00000)
  to   space 4096K, 0% used [0x00000000ec400000,0x00000000ec400000,0x00000000ec800000)
 ParOldGen       total 68608K, used 1700K [0x00000000c0000000, 0x00000000c4300000, 0x00000000eab00000)
  object space 68608K, 2% used [0x00000000c0000000,0x00000000c01a91a0,0x00000000c4300000)
 Metaspace       used 8044K, committed 8320K, reserved 1114112K
  class space    used 816K, committed 960K, reserved 1048576K
}
Event: 1.712 GC heap before
{Heap before GC invocations=3 (full 0):
 PSYoungGen      total 29696K, used 29684K [0x00000000eab00000, 0x00000000ecc00000, 0x0000000100000000)
  eden space 25600K, 100% used [0x00000000eab00000,0x00000000ec400000,0x00000000ec400000)
  from space 4096K, 99% used [0x00000000ec800000,0x00000000ecbfd1e8,0x00000000ecc00000)
  to   space 4096K, 0% used [0x00000000ec400000,0x00000000ec400000,0x00000000ec800000)
 ParOldGen       total 68608K, used 1700K [0x00000000c0000000, 0x00000000c4300000, 0x00000000eab00000)
  object space 68608K, 2% used [0x00000000c0000000,0x00000000c01a91a0,0x00000000c4300000)
 Metaspace       used 9340K, committed 9664K, reserved 1114112K
  class space    used 966K, committed 1152K, reserved 1048576K
}
Event: 1.717 GC heap after
{Heap after GC invocations=3 (full 0):
 PSYoungGen      total 29696K, used 4074K [0x00000000eab00000, 0x00000000ecc00000, 0x0000000100000000)
  eden space 25600K, 0% used [0x00000000eab00000,0x00000000eab00000,0x00000000ec400000)
  from space 4096K, 99% used [0x00000000ec400000,0x00000000ec7faa78,0x00000000ec800000)
  to   space 4096K, 0% used [0x00000000ec800000,0x00000000ec800000,0x00000000ecc00000)
 ParOldGen       total 68608K, used 5038K [0x00000000c0000000, 0x00000000c4300000, 0x00000000eab00000)
  object space 68608K, 7% used [0x00000000c0000000,0x00000000c04ebac8,0x00000000c4300000)
 Metaspace       used 9340K, committed 9664K, reserved 1114112K
  class space    used 966K, committed 1152K, reserved 1048576K
}
Event: 2.193 GC heap before
{Heap before GC invocations=4 (full 0):
 PSYoungGen      total 29696K, used 29674K [0x00000000eab00000, 0x00000000ecc00000, 0x0000000100000000)
  eden space 25600K, 100% used [0x00000000eab00000,0x00000000ec400000,0x00000000ec400000)
  from space 4096K, 99% used [0x00000000ec400000,0x00000000ec7faa78,0x00000000ec800000)
  to   space 4096K, 0% used [0x00000000ec800000,0x00000000ec800000,0x00000000ecc00000)
 ParOldGen       total 68608K, used 5038K [0x00000000c0000000, 0x00000000c4300000, 0x00000000eab00000)
  object space 68608K, 7% used [0x00000000c0000000,0x00000000c04ebac8,0x00000000c4300000)
 Metaspace       used 12118K, committed 12544K, reserved 1114112K
  class space    used 1251K, committed 1472K, reserved 1048576K
}
Event: 2.198 GC heap after
{Heap after GC invocations=4 (full 0):
 PSYoungGen      total 29696K, used 4090K [0x00000000eab00000, 0x00000000ecc00000, 0x0000000100000000)
  eden space 25600K, 0% used [0x00000000eab00000,0x00000000eab00000,0x00000000ec400000)
  from space 4096K, 99% used [0x00000000ec800000,0x00000000ecbfead0,0x00000000ecc00000)
  to   space 4096K, 0% used [0x00000000ec400000,0x00000000ec400000,0x00000000ec800000)
 ParOldGen       total 68608K, used 6761K [0x00000000c0000000, 0x00000000c4300000, 0x00000000eab00000)
  object space 68608K, 9% used [0x00000000c0000000,0x00000000c069a5d0,0x00000000c4300000)
 Metaspace       used 12118K, committed 12544K, reserved 1114112K
  class space    used 1251K, committed 1472K, reserved 1048576K
}
Event: 2.753 GC heap before
{Heap before GC invocations=5 (full 0):
 PSYoungGen      total 29696K, used 29690K [0x00000000eab00000, 0x00000000ecc00000, 0x0000000100000000)
  eden space 25600K, 100% used [0x00000000eab00000,0x00000000ec400000,0x00000000ec400000)
  from space 4096K, 99% used [0x00000000ec800000,0x00000000ecbfead0,0x00000000ecc00000)
  to   space 4096K, 0% used [0x00000000ec400000,0x00000000ec400000,0x00000000ec800000)
 ParOldGen       total 68608K, used 6761K [0x00000000c0000000, 0x00000000c4300000, 0x00000000eab00000)
  object space 68608K, 9% used [0x00000000c0000000,0x00000000c069a5d0,0x00000000c4300000)
 Metaspace       used 15489K, committed 16064K, reserved 1114112K
  class space    used 1551K, committed 1792K, reserved 1048576K
}
Event: 2.760 GC heap after
{Heap after GC invocations=5 (full 0):
 PSYoungGen      total 29184K, used 4087K [0x00000000eab00000, 0x00000000ece80000, 0x0000000100000000)
  eden space 25088K, 0% used [0x00000000eab00000,0x00000000eab00000,0x00000000ec380000)
  from space 4096K, 99% used [0x00000000ec400000,0x00000000ec7fdcc0,0x00000000ec800000)
  to   space 5632K, 0% used [0x00000000ec900000,0x00000000ec900000,0x00000000ece80000)
 ParOldGen       total 68608K, used 7776K [0x00000000c0000000, 0x00000000c4300000, 0x00000000eab00000)
  object space 68608K, 11% used [0x00000000c0000000,0x00000000c0798100,0x00000000c4300000)
 Metaspace       used 15489K, committed 16064K, reserved 1114112K
  class space    used 1551K, committed 1792K, reserved 1048576K
}

Dll operation events (9 events):
Event: 0.008 Loaded shared library c:\Users\dilan\.vscode\extensions\redhat.java-1.42.0-win32-x64\jre\21.0.7-win32-x86_64\bin\java.dll
Event: 0.074 Loaded shared library c:\Users\dilan\.vscode\extensions\redhat.java-1.42.0-win32-x64\jre\21.0.7-win32-x86_64\bin\zip.dll
Event: 0.094 Loaded shared library C:\Users\dilan\.vscode\extensions\redhat.java-1.42.0-win32-x64\jre\21.0.7-win32-x86_64\bin\instrument.dll
Event: 0.100 Loaded shared library C:\Users\dilan\.vscode\extensions\redhat.java-1.42.0-win32-x64\jre\21.0.7-win32-x86_64\bin\net.dll
Event: 0.103 Loaded shared library C:\Users\dilan\.vscode\extensions\redhat.java-1.42.0-win32-x64\jre\21.0.7-win32-x86_64\bin\nio.dll
Event: 0.107 Loaded shared library C:\Users\dilan\.vscode\extensions\redhat.java-1.42.0-win32-x64\jre\21.0.7-win32-x86_64\bin\zip.dll
Event: 0.123 Loaded shared library C:\Users\dilan\.vscode\extensions\redhat.java-1.42.0-win32-x64\jre\21.0.7-win32-x86_64\bin\jimage.dll
Event: 0.212 Loaded shared library c:\Users\dilan\.vscode\extensions\redhat.java-1.42.0-win32-x64\jre\21.0.7-win32-x86_64\bin\verify.dll
Event: 1.333 Loaded shared library C:\Users\dilan\AppData\Roaming\Code\User\globalStorage\redhat.java\1.42.0\config_win\org.eclipse.equinox.launcher\org.eclipse.equinox.launcher.win32.win32.x86_64_1.2.1300.v20250331-1702\eclipse_11911.dll

Deoptimization events (20 events):
Event: 2.279 Thread 0x00000270588406b0 DEOPT PACKING pc=0x000002700c243efc sp=0x0000007ec22f89e0
Event: 2.279 Thread 0x00000270588406b0 DEOPT UNPACKING pc=0x000002700bbc6da2 sp=0x0000007ec22f8968 mode 2
Event: 2.299 Thread 0x00000270588406b0 Uncommon trap: trap_request=0xffffffcc fr.pc=0x000002700c2468cc relative=0x000000000000020c
Event: 2.299 Thread 0x00000270588406b0 Uncommon trap: reason=intrinsic_or_type_checked_inlining action=make_not_entrant pc=0x000002700c2468cc method=java.util.Arrays.copyOf([Ljava/lang/Object;ILjava/lang/Class;)[Ljava/lang/Object; @ 35 c2
Event: 2.299 Thread 0x00000270588406b0 DEOPT PACKING pc=0x000002700c2468cc sp=0x0000007ec22fbe20
Event: 2.299 Thread 0x00000270588406b0 DEOPT UNPACKING pc=0x000002700bbc6da2 sp=0x0000007ec22fbdb0 mode 2
Event: 2.340 Thread 0x00000270588406b0 Uncommon trap: trap_request=0xffffff45 fr.pc=0x000002700c2494a8 relative=0x0000000000000428
Event: 2.340 Thread 0x00000270588406b0 Uncommon trap: reason=unstable_if action=reinterpret pc=0x000002700c2494a8 method=com.sun.org.apache.xerces.internal.impl.XMLEntityScanner.scanLiteral(ILcom/sun/org/apache/xerces/internal/xni/XMLString;Z)I @ 299 c2
Event: 2.340 Thread 0x00000270588406b0 DEOPT PACKING pc=0x000002700c2494a8 sp=0x0000007ec22fd9b0
Event: 2.340 Thread 0x00000270588406b0 DEOPT UNPACKING pc=0x000002700bbc6da2 sp=0x0000007ec22fd940 mode 2
Event: 2.492 Thread 0x00000270588406b0 DEOPT PACKING pc=0x0000027004a1b9b5 sp=0x0000007ec22f3680
Event: 2.492 Thread 0x00000270588406b0 DEOPT UNPACKING pc=0x000002700bbc78e2 sp=0x0000007ec22f2b90 mode 0
Event: 2.570 Thread 0x00000270588406b0 Uncommon trap: trap_request=0xffffff45 fr.pc=0x000002700c169b70 relative=0x0000000000000f30
Event: 2.570 Thread 0x00000270588406b0 Uncommon trap: reason=unstable_if action=reinterpret pc=0x000002700c169b70 method=lombok.patcher.PatchScript.classMatches(Ljava/lang/String;Ljava/util/Collection;)Z @ 25 c2
Event: 2.570 Thread 0x00000270588406b0 DEOPT PACKING pc=0x000002700c169b70 sp=0x0000007ec22f6e40
Event: 2.570 Thread 0x00000270588406b0 DEOPT UNPACKING pc=0x000002700bbc6da2 sp=0x0000007ec22f6e00 mode 2
Event: 2.781 Thread 0x00000270588406b0 Uncommon trap: trap_request=0xffffff45 fr.pc=0x000002700c267924 relative=0x0000000000000084
Event: 2.781 Thread 0x00000270588406b0 Uncommon trap: reason=unstable_if action=reinterpret pc=0x000002700c267924 method=java.lang.ref.SoftReference.get()Ljava/lang/Object; @ 6 c2
Event: 2.781 Thread 0x00000270588406b0 DEOPT PACKING pc=0x000002700c267924 sp=0x0000007ec22f9930
Event: 2.781 Thread 0x00000270588406b0 DEOPT UNPACKING pc=0x000002700bbc6da2 sp=0x0000007ec22f98c8 mode 2

Classes loaded (20 events):
Event: 2.774 Loading class java/util/function/LongUnaryOperator
Event: 2.774 Loading class java/util/function/LongUnaryOperator done
Event: 2.775 Loading class java/lang/ThreadDeath
Event: 2.775 Loading class java/lang/ThreadDeath done
Event: 2.785 Loading class java/util/stream/SortedOps$SizedRefSortingSink
Event: 2.785 Loading class java/util/stream/SortedOps$SizedRefSortingSink done
Event: 2.814 Loading class java/util/concurrent/atomic/Striped64$1
Event: 2.814 Loading class java/util/concurrent/atomic/Striped64$1 done
Event: 2.880 Loading class java/util/BitSet
Event: 2.881 Loading class java/util/BitSet done
Event: 2.887 Loading class sun/net/www/protocol/jrt/JavaRuntimeURLConnection
Event: 2.887 Loading class sun/net/www/protocol/jrt/JavaRuntimeURLConnection done
Event: 2.888 Loading class sun/net/www/protocol/jrt/JavaRuntimeURLConnection$1
Event: 2.888 Loading class sun/net/www/protocol/jrt/JavaRuntimeURLConnection$1 done
Event: 2.924 Loading class java/util/function/UnaryOperator
Event: 2.924 Loading class java/util/function/UnaryOperator done
Event: 2.925 Loading class java/util/ServiceConfigurationError
Event: 2.925 Loading class java/util/ServiceConfigurationError done
Event: 2.939 Loading class java/lang/InheritableThreadLocal
Event: 2.939 Loading class java/lang/InheritableThreadLocal done

Classes unloaded (0 events):
No events

Classes redefined (0 events):
No events

Internal exceptions (20 events):
Event: 2.318 Thread 0x00000270588406b0 Exception <a 'java/io/FileNotFoundException'{0x00000000eb1a4940}> (0x00000000eb1a4940) 
thrown [s\src\hotspot\share\prims\jni.cpp, line 520]
Event: 2.426 Thread 0x00000270588406b0 Exception <a 'java/lang/NoSuchMethodError'{0x00000000eb63ac58}: 'java.lang.Object java.lang.invoke.Invokers$Holder.linkToTargetMethod(java.lang.Object, long, java.lang.Object)'> (0x00000000eb63ac58) 
thrown [s\src\hotspot\share\interpreter\linkResolver.cpp, line 773]
Event: 2.470 Thread 0x00000270588406b0 Exception <a 'java/lang/NoSuchMethodError'{0x00000000eb93c3b8}: 'void java.lang.invoke.DirectMethodHandle$Holder.invokeInterface(java.lang.Object, java.lang.Object, java.lang.Object)'> (0x00000000eb93c3b8) 
thrown [s\src\hotspot\share\interpreter\linkResolver.cpp, line 773]
Event: 2.593 Thread 0x00000270588406b0 Exception <a 'java/lang/NoSuchMethodError'{0x00000000ebe1bd40}: 'java.lang.Object java.lang.invoke.DirectMethodHandle$Holder.invokeVirtual(java.lang.Object, java.lang.Object, java.lang.Object)'> (0x00000000ebe1bd40) 
thrown [s\src\hotspot\share\interpreter\linkResolver.cpp, line 773]
Event: 2.595 Thread 0x00000270588406b0 Exception <a 'java/lang/NoSuchMethodError'{0x00000000ebe33fb8}: 'java.lang.Object java.lang.invoke.DelegatingMethodHandle$Holder.reinvoke_L(java.lang.Object, java.lang.Object, java.lang.Object, java.lang.Object, int, int)'> (0x00000000ebe33fb8) 
thrown [s\src\hotspot\share\interpreter\linkResolver.cpp, line 773]
Event: 2.597 Thread 0x00000270588406b0 Exception <a 'java/lang/NoSuchMethodError'{0x00000000ebe50f28}: 'java.lang.Object java.lang.invoke.DirectMethodHandle$Holder.newInvokeSpecial(java.lang.Object, java.lang.Object, java.lang.Object, java.lang.Object, java.lang.Object, java.lang.Object)'> (0x00000000ebe50f28) 
thrown [s\src\hotspot\share\interpreter\linkResolver.cpp, line 773]
Event: 2.601 Thread 0x00000270588406b0 Exception <a 'java/lang/NoSuchMethodError'{0x00000000ebe7d1b0}: 'void java.lang.invoke.Invokers$Holder.invokeExact_MT(java.lang.Object, java.lang.Object, java.lang.Object, java.lang.Object)'> (0x00000000ebe7d1b0) 
thrown [s\src\hotspot\share\interpreter\linkResolver.cpp, line 773]
Event: 2.661 Thread 0x00000270588406b0 Exception <a 'java/io/FileNotFoundException'{0x00000000ebfd1dd8}> (0x00000000ebfd1dd8) 
thrown [s\src\hotspot\share\prims\jni.cpp, line 520]
Event: 2.662 Thread 0x00000270588406b0 Exception <a 'java/io/FileNotFoundException'{0x00000000ebfd96e8}> (0x00000000ebfd96e8) 
thrown [s\src\hotspot\share\prims\jni.cpp, line 520]
Event: 2.749 Thread 0x00000270588406b0 Exception <a 'java/lang/NoSuchMethodError'{0x00000000ec3d3370}: 'java.lang.Object java.lang.invoke.DirectMethodHandle$Holder.newInvokeSpecial(java.lang.Object, java.lang.Object, java.lang.Object, java.lang.Object, java.lang.Object)'> (0x00000000ec3d3370) 
thrown [s\src\hotspot\share\interpreter\linkResolver.cpp, line 773]
Event: 2.773 Thread 0x00000270588406b0 Exception <a 'java/lang/NoSuchMethodError'{0x00000000eabda2b8}: 'java.lang.Object java.lang.invoke.DirectMethodHandle$Holder.invokeSpecial(java.lang.Object, java.lang.Object, java.lang.Object, long, java.lang.Object)'> (0x00000000eabda2b8) 
thrown [s\src\hotspot\share\interpreter\linkResolver.cpp, line 773]
Event: 2.773 Thread 0x00000270588406b0 Exception <a 'java/lang/NoSuchMethodError'{0x00000000eabe1a48}: 'java.lang.Object java.lang.invoke.DirectMethodHandle$Holder.newInvokeSpecial(java.lang.Object, java.lang.Object, java.lang.Object, long)'> (0x00000000eabe1a48) 
thrown [s\src\hotspot\share\interpreter\linkResolver.cpp, line 773]
Event: 2.774 Thread 0x00000270588406b0 Exception <a 'java/lang/NoSuchMethodError'{0x00000000eabe58a8}: 'java.lang.Object java.lang.invoke.Invokers$Holder.linkToTargetMethod(java.lang.Object, java.lang.Object, long, java.lang.Object)'> (0x00000000eabe58a8) 
thrown [s\src\hotspot\share\interpreter\linkResolver.cpp, line 773]
Event: 2.782 Thread 0x00000270588406b0 Exception <a 'java/lang/NoSuchMethodError'{0x00000000eac7d2b0}: 'int java.lang.invoke.DirectMethodHandle$Holder.invokeStaticInit(java.lang.Object, java.lang.Object, java.lang.Object)'> (0x00000000eac7d2b0) 
thrown [s\src\hotspot\share\interpreter\linkResolver.cpp, line 773]
Event: 2.795 Thread 0x00000270588406b0 Exception <a 'java/lang/IncompatibleClassChangeError'{0x00000000ead32c78}: Found class java.lang.Object, but interface was expected> (0x00000000ead32c78) 
thrown [s\src\hotspot\share\interpreter\linkResolver.cpp, line 840]
Event: 2.797 Thread 0x00000270588406b0 Exception <a 'java/lang/NoSuchMethodError'{0x00000000ead365d0}: 'java.lang.Object java.lang.invoke.DirectMethodHandle$Holder.invokeSpecial(java.lang.Object, java.lang.Object, java.lang.Object, int, java.lang.Object, java.lang.Object)'> (0x00000000ead365d0) 
thrown [s\src\hotspot\share\interpreter\linkResolver.cpp, line 773]
Event: 2.798 Thread 0x00000270588406b0 Exception <a 'java/lang/NoSuchMethodError'{0x00000000ead3de68}: 'java.lang.Object java.lang.invoke.DirectMethodHandle$Holder.newInvokeSpecial(java.lang.Object, java.lang.Object, java.lang.Object, int, java.lang.Object)'> (0x00000000ead3de68) 
thrown [s\src\hotspot\share\interpreter\linkResolver.cpp, line 773]
Event: 2.798 Thread 0x00000270588406b0 Exception <a 'java/lang/NoSuchMethodError'{0x00000000ead41958}: 'java.lang.Object java.lang.invoke.Invokers$Holder.linkToTargetMethod(java.lang.Object, java.lang.Object, int, java.lang.Object, java.lang.Object)'> (0x00000000ead41958) 
thrown [s\src\hotspot\share\interpreter\linkResolver.cpp, line 773]
Event: 2.799 Thread 0x00000270588420f0 Exception <a 'java/lang/NoSuchMethodError'{0x00000000eac5d5c0}: 'java.lang.Object java.lang.invoke.DirectMethodHandle$Holder.invokeSpecial(java.lang.Object, java.lang.Object, int, java.lang.Object, java.lang.Object)'> (0x00000000eac5d5c0) 
thrown [s\src\hotspot\share\interpreter\linkResolver.cpp, line 773]
Event: 2.819 Thread 0x00000270588406b0 Exception <a 'java/lang/NoSuchMethodError'{0x00000000eaee51e8}: 'void java.lang.invoke.DirectMethodHandle$Holder.invokeSpecial(java.lang.Object, java.lang.Object, java.lang.Object, java.lang.Object, java.lang.Object)'> (0x00000000eaee51e8) 
thrown [s\src\hotspot\share\interpreter\linkResolver.cpp, line 773]

ZGC Phase Switch (0 events):
No events

VM Operations (20 events):
Event: 1.512 Executing VM operation: HandshakeAllThreads (Deoptimize)
Event: 1.512 Executing VM operation: HandshakeAllThreads (Deoptimize) done
Event: 1.712 Executing VM operation: ParallelGCFailedAllocation (Allocation Failure)
Event: 1.717 Executing VM operation: ParallelGCFailedAllocation (Allocation Failure) done
Event: 2.014 Executing VM operation: HandshakeAllThreads (Deoptimize)
Event: 2.015 Executing VM operation: HandshakeAllThreads (Deoptimize) done
Event: 2.091 Executing VM operation: HandshakeAllThreads (Deoptimize)
Event: 2.092 Executing VM operation: HandshakeAllThreads (Deoptimize) done
Event: 2.193 Executing VM operation: ParallelGCFailedAllocation (Allocation Failure)
Event: 2.198 Executing VM operation: ParallelGCFailedAllocation (Allocation Failure) done
Event: 2.591 Executing VM operation: ICBufferFull
Event: 2.591 Executing VM operation: ICBufferFull done
Event: 2.697 Executing VM operation: HandshakeAllThreads (Deoptimize)
Event: 2.697 Executing VM operation: HandshakeAllThreads (Deoptimize) done
Event: 2.753 Executing VM operation: ParallelGCFailedAllocation (Allocation Failure)
Event: 2.760 Executing VM operation: ParallelGCFailedAllocation (Allocation Failure) done
Event: 2.889 Executing VM operation: HandshakeAllThreads (Deoptimize)
Event: 2.889 Executing VM operation: HandshakeAllThreads (Deoptimize) done
Event: 2.948 Executing VM operation: HandshakeAllThreads (Deoptimize)
Event: 2.948 Executing VM operation: HandshakeAllThreads (Deoptimize) done

Memory protections (0 events):
No events

Nmethod flushes (0 events):
No events

Events (20 events):
Event: 0.037 Thread 0x000002707ed6cfe0 Thread added: 0x0000027015808660
Event: 0.040 Thread 0x000002707ed6cfe0 Thread added: 0x000002701580bdf0
Event: 0.040 Thread 0x000002707ed6cfe0 Thread added: 0x000002701580aa40
Event: 0.040 Thread 0x000002707ed6cfe0 Thread added: 0x000002701580d830
Event: 0.040 Thread 0x000002707ed6cfe0 Thread added: 0x000002701580b0d0
Event: 0.040 Thread 0x000002707ed6cfe0 Thread added: 0x0000027015813e00
Event: 0.040 Thread 0x000002707ed6cfe0 Thread added: 0x0000027015832980
Event: 0.063 Thread 0x000002707ed6cfe0 Thread added: 0x000002701580cb10
Event: 0.321 Thread 0x000002707ed6cfe0 Thread added: 0x000002701580d1a0
Event: 0.324 Thread 0x0000027015832980 Thread added: 0x0000027058589d20
Event: 1.162 Thread 0x000002707ed6cfe0 Thread added: 0x000002701580c480
Event: 1.319 Thread 0x000002707ed6cfe0 Thread added: 0x000002701580dec0
Event: 1.359 Thread 0x000002701580dec0 Thread added: 0x000002701580b760
Event: 1.362 Thread 0x000002707ed6cfe0 Thread added: 0x00000270588406b0
Event: 1.770 Thread 0x00000270588406b0 Thread added: 0x000002705883ec70
Event: 1.991 Thread 0x00000270588406b0 Thread added: 0x0000027058840d40
Event: 2.082 Thread 0x00000270588406b0 Thread added: 0x0000027058841a60
Event: 2.477 Thread 0x00000270588406b0 Thread added: 0x00000270588413d0
Event: 2.777 Thread 0x00000270588406b0 Thread added: 0x00000270588420f0
Event: 2.799 Thread 0x00000270588406b0 Thread added: 0x000002705883f300


Dynamic libraries:
0x00007ff7fdfc0000 - 0x00007ff7fdfce000 	c:\Users\dilan\.vscode\extensions\redhat.java-1.42.0-win32-x64\jre\21.0.7-win32-x86_64\bin\java.exe
0x00007ffe9fbb0000 - 0x00007ffe9fdc7000 	C:\Windows\SYSTEM32\ntdll.dll
0x00007ffe9f0c0000 - 0x00007ffe9f184000 	C:\Windows\System32\KERNEL32.DLL
0x00007ffe9d310000 - 0x00007ffe9d6e3000 	C:\Windows\System32\KERNELBASE.dll
0x00007ffe9d1f0000 - 0x00007ffe9d301000 	C:\Windows\System32\ucrtbase.dll
0x00007ffe7d9b0000 - 0x00007ffe7d9c8000 	c:\Users\dilan\.vscode\extensions\redhat.java-1.42.0-win32-x64\jre\21.0.7-win32-x86_64\bin\jli.dll
0x00007ffe9e230000 - 0x00007ffe9e3e1000 	C:\Windows\System32\USER32.dll
0x00007ffe9d770000 - 0x00007ffe9d796000 	C:\Windows\System32\win32u.dll
0x00007ffe9f540000 - 0x00007ffe9f569000 	C:\Windows\System32\GDI32.dll
0x00007ffe9ce10000 - 0x00007ffe9cf32000 	C:\Windows\System32\gdi32full.dll
0x00007ffe9d7a0000 - 0x00007ffe9d83a000 	C:\Windows\System32\msvcp_win.dll
0x00007ffe798b0000 - 0x00007ffe798ce000 	c:\Users\dilan\.vscode\extensions\redhat.java-1.42.0-win32-x64\jre\21.0.7-win32-x86_64\bin\VCRUNTIME140.dll
0x00007ffe86890000 - 0x00007ffe86b2b000 	C:\Windows\WinSxS\amd64_microsoft.windows.common-controls_6595b64144ccf1df_6.0.22621.5262_none_2712bde373830908\COMCTL32.dll
0x00007ffe9f9e0000 - 0x00007ffe9fa87000 	C:\Windows\System32\msvcrt.dll
0x00007ffe9e3f0000 - 0x00007ffe9e421000 	C:\Windows\System32\IMM32.DLL
0x00007ffe9e1c0000 - 0x00007ffe9e226000 	C:\Windows\System32\SHLWAPI.dll
0x00007ffe9ef60000 - 0x00007ffe9f011000 	C:\Windows\System32\ADVAPI32.dll
0x00007ffe9f490000 - 0x00007ffe9f537000 	C:\Windows\System32\sechost.dll
0x00007ffe9cca0000 - 0x00007ffe9ccc8000 	C:\Windows\System32\bcrypt.dll
0x00007ffe9f360000 - 0x00007ffe9f474000 	C:\Windows\System32\RPCRT4.dll
0x00007ffe93c90000 - 0x00007ffe93c9c000 	c:\Users\dilan\.vscode\extensions\redhat.java-1.42.0-win32-x64\jre\21.0.7-win32-x86_64\bin\vcruntime140_1.dll
0x00007ffe527f0000 - 0x00007ffe5287d000 	c:\Users\dilan\.vscode\extensions\redhat.java-1.42.0-win32-x64\jre\21.0.7-win32-x86_64\bin\msvcp140.dll
0x00007ffe0c330000 - 0x00007ffe0d0c0000 	c:\Users\dilan\.vscode\extensions\redhat.java-1.42.0-win32-x64\jre\21.0.7-win32-x86_64\bin\server\jvm.dll
0x00007ffe9f020000 - 0x00007ffe9f091000 	C:\Windows\System32\WS2_32.dll
0x00007ffe9cac0000 - 0x00007ffe9cb0d000 	C:\Windows\SYSTEM32\POWRPROF.dll
0x00007ffe98100000 - 0x00007ffe9810a000 	C:\Windows\SYSTEM32\VERSION.dll
0x00007ffe9a6c0000 - 0x00007ffe9a6f4000 	C:\Windows\SYSTEM32\WINMM.dll
0x00007ffe9c9a0000 - 0x00007ffe9c9b3000 	C:\Windows\SYSTEM32\UMPDC.dll
0x00007ffe9bcb0000 - 0x00007ffe9bcc8000 	C:\Windows\SYSTEM32\kernel.appcore.dll
0x00007ffe798a0000 - 0x00007ffe798aa000 	c:\Users\dilan\.vscode\extensions\redhat.java-1.42.0-win32-x64\jre\21.0.7-win32-x86_64\bin\jimage.dll
0x00007ffe9a440000 - 0x00007ffe9a672000 	C:\Windows\SYSTEM32\DBGHELP.DLL
0x00007ffe9d840000 - 0x00007ffe9dbd3000 	C:\Windows\System32\combase.dll
0x00007ffe9fa90000 - 0x00007ffe9fb67000 	C:\Windows\System32\OLEAUT32.dll
0x00007ffe9a680000 - 0x00007ffe9a6b2000 	C:\Windows\SYSTEM32\dbgcore.DLL
0x00007ffe9d0b0000 - 0x00007ffe9d12b000 	C:\Windows\System32\bcryptPrimitives.dll
0x00007ffe78f70000 - 0x00007ffe78f7f000 	c:\Users\dilan\.vscode\extensions\redhat.java-1.42.0-win32-x64\jre\21.0.7-win32-x86_64\bin\instrument.dll
0x00007ffe78ce0000 - 0x00007ffe78cff000 	c:\Users\dilan\.vscode\extensions\redhat.java-1.42.0-win32-x64\jre\21.0.7-win32-x86_64\bin\java.dll
0x00007ffe9e590000 - 0x00007ffe9ee2d000 	C:\Windows\System32\SHELL32.dll
0x00007ffe9ccd0000 - 0x00007ffe9ce0f000 	C:\Windows\System32\wintypes.dll
0x00007ffe9ab90000 - 0x00007ffe9b4ad000 	C:\Windows\SYSTEM32\windows.storage.dll
0x00007ffe9ee50000 - 0x00007ffe9ef5b000 	C:\Windows\System32\SHCORE.dll
0x00007ffe9cbd0000 - 0x00007ffe9cbfb000 	C:\Windows\SYSTEM32\profapi.dll
0x00007ffe73c80000 - 0x00007ffe73c98000 	c:\Users\dilan\.vscode\extensions\redhat.java-1.42.0-win32-x64\jre\21.0.7-win32-x86_64\bin\zip.dll
0x00007ffe78f60000 - 0x00007ffe78f70000 	C:\Users\dilan\.vscode\extensions\redhat.java-1.42.0-win32-x64\jre\21.0.7-win32-x86_64\bin\net.dll
0x00007ffe99460000 - 0x00007ffe9958c000 	C:\Windows\SYSTEM32\WINHTTP.dll
0x00007ffe9c160000 - 0x00007ffe9c1ca000 	C:\Windows\system32\mswsock.dll
0x00007ffe64f90000 - 0x00007ffe64fa6000 	C:\Users\dilan\.vscode\extensions\redhat.java-1.42.0-win32-x64\jre\21.0.7-win32-x86_64\bin\nio.dll
0x00007ffe78b10000 - 0x00007ffe78b20000 	c:\Users\dilan\.vscode\extensions\redhat.java-1.42.0-win32-x64\jre\21.0.7-win32-x86_64\bin\verify.dll
0x00007ffe81560000 - 0x00007ffe815a5000 	C:\Users\dilan\AppData\Roaming\Code\User\globalStorage\redhat.java\1.42.0\config_win\org.eclipse.equinox.launcher\org.eclipse.equinox.launcher.win32.win32.x86_64_1.2.1300.v20250331-1702\eclipse_11911.dll
0x00007ffe9f680000 - 0x00007ffe9f821000 	C:\Windows\System32\ole32.dll

dbghelp: loaded successfully - version: 4.0.5 - missing functions: none
symbol engine: initialized successfully - sym options: 0x614 - pdb path: .;c:\Users\dilan\.vscode\extensions\redhat.java-1.42.0-win32-x64\jre\21.0.7-win32-x86_64\bin;C:\Windows\SYSTEM32;C:\Windows\WinSxS\amd64_microsoft.windows.common-controls_6595b64144ccf1df_6.0.22621.5262_none_2712bde373830908;c:\Users\dilan\.vscode\extensions\redhat.java-1.42.0-win32-x64\jre\21.0.7-win32-x86_64\bin\server;C:\Users\dilan\AppData\Roaming\Code\User\globalStorage\redhat.java\1.42.0\config_win\org.eclipse.equinox.launcher\org.eclipse.equinox.launcher.win32.win32.x86_64_1.2.1300.v20250331-1702

VM Arguments:
jvm_args: --add-modules=ALL-SYSTEM --add-opens=java.base/java.util=ALL-UNNAMED --add-opens=java.base/java.lang=ALL-UNNAMED --add-opens=java.base/sun.nio.fs=ALL-UNNAMED -Declipse.application=org.eclipse.jdt.ls.core.id1 -Dosgi.bundles.defaultStartLevel=4 -Declipse.product=org.eclipse.jdt.ls.core.product -Djava.import.generatesMetadataFilesAtProjectRoot=false -DDetectVMInstallationsJob.disabled=true -Dfile.encoding=utf8 -XX:+UseParallelGC -XX:GCTimeRatio=4 -XX:AdaptiveSizePolicyWeight=90 -Dsun.zip.disableMemoryMapping=true -Xmx1G -Xms100m -Xlog:disable -javaagent:c:\Users\dilan\.vscode\extensions\redhat.java-1.42.0-win32-x64\lombok\lombok-1.18.36.jar -XX:+HeapDumpOnOutOfMemoryError -XX:HeapDumpPath=c:\Users\dilan\AppData\Roaming\Code\User\workspaceStorage\964a0a08aa6b98e66c53ab9b49f608ec\redhat.java -Daether.dependencyCollector.impl=bf 
java_command: c:\Users\dilan\.vscode\extensions\redhat.java-1.42.0-win32-x64\server\plugins\org.eclipse.equinox.launcher_1.7.0.v20250424-1814.jar -configuration c:\Users\dilan\AppData\Roaming\Code\User\globalStorage\redhat.java\1.42.0\config_win -data c:\Users\dilan\AppData\Roaming\Code\User\workspaceStorage\964a0a08aa6b98e66c53ab9b49f608ec\redhat.java\jdt_ws --pipe=\\.\pipe\lsp-c36b1c22ab26e79aa5e8001de54c74ef-sock
java_class_path (initial): c:\Users\dilan\.vscode\extensions\redhat.java-1.42.0-win32-x64\server\plugins\org.eclipse.equinox.launcher_1.7.0.v20250424-1814.jar
Launcher Type: SUN_STANDARD

[Global flags]
    uintx AdaptiveSizePolicyWeight                 = 90                                        {product} {command line}
     intx CICompilerCount                          = 4                                         {product} {ergonomic}
    uintx GCTimeRatio                              = 4                                         {product} {command line}
     bool HeapDumpOnOutOfMemoryError               = true                                   {manageable} {command line}
    ccstr HeapDumpPath                             = c:\Users\dilan\AppData\Roaming\Code\User\workspaceStorage\964a0a08aa6b98e66c53ab9b49f608ec\redhat.java         {manageable} {command line}
   size_t InitialHeapSize                          = 104857600                                 {product} {command line}
   size_t MaxHeapSize                              = 1073741824                                {product} {command line}
   size_t MaxNewSize                               = 357564416                                 {product} {ergonomic}
   size_t MinHeapDeltaBytes                        = 524288                                    {product} {ergonomic}
   size_t MinHeapSize                              = 104857600                                 {product} {command line}
   size_t NewSize                                  = 34603008                                  {product} {ergonomic}
    uintx NonNMethodCodeHeapSize                   = 5839372                                {pd product} {ergonomic}
    uintx NonProfiledCodeHeapSize                  = 122909434                              {pd product} {ergonomic}
   size_t OldSize                                  = 70254592                                  {product} {ergonomic}
    uintx ProfiledCodeHeapSize                     = 122909434                              {pd product} {ergonomic}
    uintx ReservedCodeCacheSize                    = 251658240                              {pd product} {ergonomic}
     bool SegmentedCodeCache                       = true                                      {product} {ergonomic}
   size_t SoftMaxHeapSize                          = 1073741824                             {manageable} {ergonomic}
     bool UseCompressedOops                        = true                           {product lp64_product} {ergonomic}
     bool UseLargePagesIndividualAllocation        = false                                  {pd product} {ergonomic}
     bool UseParallelGC                            = true                                      {product} {command line}

Logging:
Log output configuration:
 #0: stdout all=off uptime,level,tags foldmultilines=false
 #1: stderr all=off uptime,level,tags foldmultilines=false

Environment Variables:
PATH=C:\oraclexe\app\oracle\product\11.2.0\server\bin;C:\app\dilan\product\21c\dbhomeXE\bin;C:\Program Files\Common Files\Oracle\Java\javapath;C:\Windows\system32;C:\Windows;C:\Windows\System32\Wbem;C:\Windows\System32\WindowsPowerShell\v1.0\;C:\Windows\System32\OpenSSH\;C:\Program Files (x86)\Windows Kits\10\Windows Performance Toolkit\;C:\Program Files\PuTTY\;C:\Program Files (x86)\ZeroTier\One\;C:\Program Files\dotnet\;C:\Program Files (x86)\Microsoft SQL Server\160\Tools\Binn\;C:\Program Files\Microsoft SQL Server\160\Tools\Binn\;C:\Program Files\Microsoft SQL Server\Client SDK\ODBC\170\Tools\Binn\;C:\Program Files\Microsoft SQL Server\160\DTS\Binn\;C:\Program Files (x86)\Microsoft SQL Server\160\DTS\Binn\;C:\Program Files\nodejs\;C:\Program Files\Git\cmd;C:\xampp\php;C:\Users\dilan\AppData\Local\Programs\Python\Python313\Scripts\;C:\Users\dilan\AppData\Local\Programs\Python\Python313\;C:\Users\dilan\AppData\Local\Microsoft\WindowsApps;C:\Users\dilan\AppData\Local\Programs\Microsoft VS Code\bin;C:\Users\dilan\AppData\Roaming\npm;C:\Users\dilan\.dotnet\tools;C:\Users\dilan\AppData\Local\GitHubDesktop\bin
USERNAME=dilan
OS=Windows_NT
PROCESSOR_IDENTIFIER=Intel64 Family 6 Model 140 Stepping 1, GenuineIntel
TMP=C:\Users\dilan\AppData\Local\Temp
TEMP=C:\Users\dilan\AppData\Local\Temp




Periodic native trim disabled

---------------  S Y S T E M  ---------------

OS:
 Windows 11 , 64 bit Build 22621 (10.0.22621.5262)
OS uptime: 2 days 23:49 hours
Hyper-V role detected

CPU: total 8 (initial active 8) (4 cores per cpu, 2 threads per core) family 6 model 140 stepping 1 microcode 0xaa, cx8, cmov, fxsr, ht, mmx, 3dnowpref, sse, sse2, sse3, ssse3, sse4.1, sse4.2, popcnt, lzcnt, tsc, tscinvbit, avx, avx2, aes, erms, clmul, bmi1, bmi2, adx, avx512f, avx512dq, avx512cd, avx512bw, avx512vl, sha, fma, vzeroupper, avx512_vpopcntdq, avx512_vpclmulqdq, avx512_vaes, avx512_vnni, clflush, clflushopt, clwb, avx512_vbmi2, avx512_vbmi, hv, rdtscp, rdpid, fsrm, gfni, avx512_bitalg, f16c, cet_ibt, cet_ss, avx512_ifma
Processor Information for the first 8 processors :
  Max Mhz: 2419, Current Mhz: 2419, Mhz Limit: 2419

Memory: 4k page, system-wide physical 7975M (360M free)
TotalPageFile size 32551M (AvailPageFile size 1M)
current process WorkingSet (physical memory assigned to process): 134M, peak: 134M
current process commit charge ("private bytes"): 240M, peak: 240M

vm_info: OpenJDK 64-Bit Server VM (21.0.7+6-LTS) for windows-amd64 JRE (21.0.7+6-LTS), built on 2025-04-15T00:00:00Z by "admin" with MS VC++ 17.7 (VS2022)

END.
