#
# There is insufficient memory for the Java Runtime Environment to continue.
# Native memory allocation (malloc) failed to allocate 910736 bytes. Error detail: Chunk::new
# Possible reasons:
#   The system is out of physical RAM or swap space
#   This process is running with CompressedOops enabled, and the Java Heap may be blocking the growth of the native heap
# Possible solutions:
#   Reduce memory load on the system
#   Increase physical memory or swap space
#   Check if swap backing store is full
#   Decrease Java heap size (-Xmx/-Xms)
#   Decrease number of Java threads
#   Decrease Java thread stack sizes (-Xss)
#   Set larger code cache with -XX:ReservedCodeCacheSize=
#   JVM is running with Unscaled Compressed Oops mode in which the Java heap is
#     placed in the first 4GB address space. The Java Heap base address is the
#     maximum limit for the native heap growth. Please use -XX:HeapBaseMinAddress
#     to set the Java Heap base and to place the Java Heap above 4GB virtual address.
# This output file may be truncated or incomplete.
#
#  Out of Memory Error (arena.cpp:168), pid=8252, tid=1932
#
# JRE version: OpenJDK Runtime Environment Temurin-21.0.7+6 (21.0.7+6) (build 21.0.7+6-LTS)
# Java VM: OpenJDK 64-Bit Server VM Temurin-21.0.7+6 (21.0.7+6-LTS, mixed mode, sharing, tiered, compressed oops, compressed class ptrs, parallel gc, windows-amd64)
# No core dump will be written. Minidumps are not enabled by default on client versions of Windows
#

---------------  S U M M A R Y ------------

Command Line: --add-modules=ALL-SYSTEM --add-opens=java.base/java.util=ALL-UNNAMED --add-opens=java.base/java.lang=ALL-UNNAMED --add-opens=java.base/sun.nio.fs=ALL-UNNAMED -Declipse.application=org.eclipse.jdt.ls.core.id1 -Dosgi.bundles.defaultStartLevel=4 -Declipse.product=org.eclipse.jdt.ls.core.product -Djava.import.generatesMetadataFilesAtProjectRoot=false -DDetectVMInstallationsJob.disabled=true -Dfile.encoding=utf8 -XX:+UseParallelGC -XX:GCTimeRatio=4 -XX:AdaptiveSizePolicyWeight=90 -Dsun.zip.disableMemoryMapping=true -Xmx1G -Xms100m -Xlog:disable -javaagent:c:\Users\dilan\.vscode\extensions\redhat.java-1.42.0-win32-x64\lombok\lombok-1.18.36.jar c:\Users\dilan\.vscode\extensions\redhat.java-1.42.0-win32-x64\server\plugins\org.eclipse.equinox.launcher_1.7.0.v20250424-1814.jar -configuration c:\Users\dilan\AppData\Roaming\Code\User\globalStorage\redhat.java\1.42.0\config_ss_win -data c:\Users\dilan\AppData\Roaming\Code\User\workspaceStorage\964a0a08aa6b98e66c53ab9b49f608ec\redhat.java\ss_ws --pipe=\\.\pipe\lsp-db8781a4d4bcfe7d32d113879b03b4d3-sock

Host: 11th Gen Intel(R) Core(TM) i5-1135G7 @ 2.40GHz, 8 cores, 7G,  Windows 11 , 64 bit Build 22621 (10.0.22621.5262)
Time: Tue May 20 22:16:19 2025 Hora estándar, América Central elapsed time: 3.295396 seconds (0d 0h 0m 3s)

---------------  T H R E A D  ---------------

Current thread (0x000002e095933ce0):  JavaThread "C2 CompilerThread1" daemon [_thread_in_native, id=1932, stack(0x000000f18f800000,0x000000f18f900000) (1024K)]


Current CompileTask:
C2:3295 2822       4       java.lang.invoke.MethodType::makeImpl (109 bytes)

Stack: [0x000000f18f800000,0x000000f18f900000]
Native frames: (J=compiled Java code, j=interpreted, Vv=VM code, C=native code)
V  [jvm.dll+0x6ce119]
V  [jvm.dll+0x8a84a1]
V  [jvm.dll+0x8aa9ce]
V  [jvm.dll+0x8ab0b3]
V  [jvm.dll+0x27f8a6]
V  [jvm.dll+0xc507d]
V  [jvm.dll+0xc55b3]
V  [jvm.dll+0x2f2c6d]
V  [jvm.dll+0x5f6bca]
V  [jvm.dll+0x250cb2]
V  [jvm.dll+0x24975f]
V  [jvm.dll+0x246fc4]
V  [jvm.dll+0x1c760e]
V  [jvm.dll+0x25695a]
V  [jvm.dll+0x254efa]
V  [jvm.dll+0x3f03f6]
V  [jvm.dll+0x851f6b]
V  [jvm.dll+0x6cc7dd]
C  [ucrtbase.dll+0x29333]
C  [KERNEL32.DLL+0x1259d]
C  [ntdll.dll+0x5af58]


---------------  P R O C E S S  ---------------

Threads class SMR info:
_java_thread_list=0x000002e095a33c50, length=20, elements={
0x000002e0395ef820, 0x000002e04d995fe0, 0x000002e04d996de0, 0x000002e04d999340,
0x000002e04d99a380, 0x000002e04d99c4f0, 0x000002e04d99f050, 0x000002e04d99fe80,
0x000002e04d9ce180, 0x000002e090504d20, 0x000002e0906db030, 0x000002e095a1d3a0,
0x000002e0958be4c0, 0x000002e0958beb50, 0x000002e0958bf870, 0x000002e0958bde30,
0x000002e095933ce0, 0x000002e0958bf1e0, 0x000002e0958bd110, 0x000002e0958bc3f0
}

Java Threads: ( => current thread )
  0x000002e0395ef820 JavaThread "main"                              [_thread_blocked, id=11412, stack(0x000000f18da00000,0x000000f18db00000) (1024K)]
  0x000002e04d995fe0 JavaThread "Reference Handler"          daemon [_thread_blocked, id=12448, stack(0x000000f18e200000,0x000000f18e300000) (1024K)]
  0x000002e04d996de0 JavaThread "Finalizer"                  daemon [_thread_blocked, id=8476, stack(0x000000f18e300000,0x000000f18e400000) (1024K)]
  0x000002e04d999340 JavaThread "Signal Dispatcher"          daemon [_thread_blocked, id=12812, stack(0x000000f18e400000,0x000000f18e500000) (1024K)]
  0x000002e04d99a380 JavaThread "Attach Listener"            daemon [_thread_blocked, id=3252, stack(0x000000f18e500000,0x000000f18e600000) (1024K)]
  0x000002e04d99c4f0 JavaThread "Service Thread"             daemon [_thread_blocked, id=2292, stack(0x000000f18e600000,0x000000f18e700000) (1024K)]
  0x000002e04d99f050 JavaThread "Monitor Deflation Thread"   daemon [_thread_blocked, id=3200, stack(0x000000f18e700000,0x000000f18e800000) (1024K)]
  0x000002e04d99fe80 JavaThread "C2 CompilerThread0"         daemon [_thread_in_native, id=17780, stack(0x000000f18e800000,0x000000f18e900000) (1024K)]
  0x000002e04d9ce180 JavaThread "C1 CompilerThread0"         daemon [_thread_blocked, id=4936, stack(0x000000f18e900000,0x000000f18ea00000) (1024K)]
  0x000002e090504d20 JavaThread "Common-Cleaner"             daemon [_thread_blocked, id=8832, stack(0x000000f18ea00000,0x000000f18eb00000) (1024K)]
  0x000002e0906db030 JavaThread "Notification Thread"        daemon [_thread_blocked, id=15760, stack(0x000000f18ec00000,0x000000f18ed00000) (1024K)]
  0x000002e095a1d3a0 JavaThread "Active Thread: Equinox Container: 92b8c1ca-4bc7-4ce8-b354-135f0d33e928"        [_thread_blocked, id=9132, stack(0x000000f18f300000,0x000000f18f400000) (1024K)]
  0x000002e0958be4c0 JavaThread "Framework Event Dispatcher: Equinox Container: 92b8c1ca-4bc7-4ce8-b354-135f0d33e928" daemon [_thread_blocked, id=9948, stack(0x000000f18f400000,0x000000f18f500000) (1024K)]
  0x000002e0958beb50 JavaThread "Start Level: Equinox Container: 92b8c1ca-4bc7-4ce8-b354-135f0d33e928" daemon [_thread_in_Java, id=15392, stack(0x000000f18f500000,0x000000f18f600000) (1024K)]
  0x000002e0958bf870 JavaThread "SCR Component Actor"        daemon [_thread_blocked, id=11704, stack(0x000000f18f600000,0x000000f18f700000) (1024K)]
  0x000002e0958bde30 JavaThread "SCR Component Registry"     daemon [_thread_blocked, id=10740, stack(0x000000f18eb00000,0x000000f18ec00000) (1024K)]
=>0x000002e095933ce0 JavaThread "C2 CompilerThread1"         daemon [_thread_in_native, id=1932, stack(0x000000f18f800000,0x000000f18f900000) (1024K)]
  0x000002e0958bf1e0 JavaThread "Worker-JM"                         [_thread_blocked, id=2496, stack(0x000000f18f900000,0x000000f18fa00000) (1024K)]
  0x000002e0958bd110 JavaThread "Worker-0"                          [_thread_blocked, id=2252, stack(0x000000f18fa00000,0x000000f18fb00000) (1024K)]
  0x000002e0958bc3f0 JavaThread "Worker-1"                          [_thread_blocked, id=1456, stack(0x000000f18fb00000,0x000000f18fc00000) (1024K)]
Total: 20

Other Threads:
  0x000002e039688c20 VMThread "VM Thread"                           [id=3796, stack(0x000000f18e100000,0x000000f18e200000) (1024K)]
  0x000002e03965d330 WatcherThread "VM Periodic Task Thread"        [id=16412, stack(0x000000f18e000000,0x000000f18e100000) (1024K)]
  0x000002e03960cb60 WorkerThread "GC Thread#0"                     [id=12880, stack(0x000000f18db00000,0x000000f18dc00000) (1024K)]
  0x000002e095830140 WorkerThread "GC Thread#1"                     [id=13460, stack(0x000000f18ed00000,0x000000f18ee00000) (1024K)]
  0x000002e09561a1c0 WorkerThread "GC Thread#2"                     [id=15528, stack(0x000000f18ee00000,0x000000f18ef00000) (1024K)]
  0x000002e09561a560 WorkerThread "GC Thread#3"                     [id=1496, stack(0x000000f18ef00000,0x000000f18f000000) (1024K)]
  0x000002e09561a900 WorkerThread "GC Thread#4"                     [id=4264, stack(0x000000f18f000000,0x000000f18f100000) (1024K)]
  0x000002e09561aca0 WorkerThread "GC Thread#5"                     [id=13440, stack(0x000000f18f100000,0x000000f18f200000) (1024K)]
  0x000002e09539ce90 WorkerThread "GC Thread#6"                     [id=11296, stack(0x000000f18f200000,0x000000f18f300000) (1024K)]
  0x000002e09584ed80 WorkerThread "GC Thread#7"                     [id=17340, stack(0x000000f18f700000,0x000000f18f800000) (1024K)]
Total: 10

Threads with active compile tasks:
C2 CompilerThread0  3316 2560       4       org.lombokweb.asm.ClassReader::readMethod (1070 bytes)
C2 CompilerThread1  3316 2822       4       java.lang.invoke.MethodType::makeImpl (109 bytes)
Total: 2

VM state: not at safepoint (normal execution)

VM Mutex/Monitor currently owned by a thread: None

Heap address: 0x00000000c0000000, size: 1024 MB, Compressed Oops mode: 32-bit

CDS archive(s) mapped at: [0x000002e04e000000-0x000002e04eba0000-0x000002e04eba0000), size 12189696, SharedBaseAddress: 0x000002e04e000000, ArchiveRelocationMode: 1.
Compressed class space mapped at: 0x000002e04f000000-0x000002e08f000000, reserved size: 1073741824
Narrow klass base: 0x000002e04e000000, Narrow klass shift: 0, Narrow klass range: 0x100000000

GC Precious Log:
 CardTable entry size: 512
 CPUs: 8 total, 8 available
 Memory: 7975M
 Large Page Support: Disabled
 NUMA Support: Disabled
 Compressed Oops: Enabled (32-bit)
 Alignments: Space 512K, Generation 512K, Heap 2M
 Heap Min Capacity: 100M
 Heap Initial Capacity: 100M
 Heap Max Capacity: 1G
 Pre-touch: Disabled
 Parallel Workers: 8

Heap:
 PSYoungGen      total 30720K, used 8619K [0x00000000eab00000, 0x00000000ecf00000, 0x0000000100000000)
  eden space 25088K, 34% used [0x00000000eab00000,0x00000000eb36ae58,0x00000000ec380000)
  from space 5632K, 0% used [0x00000000ec980000,0x00000000ec980000,0x00000000ecf00000)
  to   space 5632K, 0% used [0x00000000ec400000,0x00000000ec400000,0x00000000ec980000)
 ParOldGen       total 68608K, used 9995K [0x00000000c0000000, 0x00000000c4300000, 0x00000000eab00000)
  object space 68608K, 14% used [0x00000000c0000000,0x00000000c09c2d18,0x00000000c4300000)
 Metaspace       used 21937K, committed 22592K, reserved 1114112K
  class space    used 2044K, committed 2304K, reserved 1048576K

Card table byte_map: [0x000002e038f90000,0x000002e0391a0000] _byte_map_base: 0x000002e038990000

Marking Bits: (ParMarkBitMap*) 0x00007ffe0cfe31f0
 Begin Bits: [0x000002e04b7d0000, 0x000002e04c7d0000)
 End Bits:   [0x000002e04c7d0000, 0x000002e04d7d0000)

Polling page: 0x000002e037160000

Metaspace:

Usage:
  Non-class:     19.43 MB used.
      Class:      2.00 MB used.
       Both:     21.42 MB used.

Virtual space:
  Non-class space:       64.00 MB reserved,      19.81 MB ( 31%) committed,  1 nodes.
      Class space:        1.00 GB reserved,       2.25 MB ( <1%) committed,  1 nodes.
             Both:        1.06 GB reserved,      22.06 MB (  2%) committed. 

Chunk freelists:
   Non-Class:  11.91 MB
       Class:  13.56 MB
        Both:  25.47 MB

MaxMetaspaceSize: unlimited
CompressedClassSpaceSize: 1.00 GB
Initial GC threshold: 21.00 MB
Current GC threshold: 35.00 MB
CDS: on
 - commit_granule_bytes: 65536.
 - commit_granule_words: 8192.
 - virtual_space_node_default_size: 8388608.
 - enlarge_chunks_in_place: 1.
 - use_allocation_guard: 0.


Internal statistics:

num_allocs_failed_limit: 3.
num_arena_births: 520.
num_arena_deaths: 14.
num_vsnodes_births: 2.
num_vsnodes_deaths: 0.
num_space_committed: 353.
num_space_uncommitted: 0.
num_chunks_returned_to_freelist: 17.
num_chunks_taken_from_freelist: 1326.
num_chunk_merges: 9.
num_chunk_splits: 891.
num_chunks_enlarged: 573.
num_inconsistent_stats: 0.

CodeHeap 'non-profiled nmethods': size=120000Kb used=1234Kb max_used=1234Kb free=118765Kb
 bounds [0x000002e0442a0000, 0x000002e044510000, 0x000002e04b7d0000]
CodeHeap 'profiled nmethods': size=120000Kb used=5662Kb max_used=5662Kb free=114337Kb
 bounds [0x000002e03c7d0000, 0x000002e03cd60000, 0x000002e043d00000]
CodeHeap 'non-nmethods': size=5760Kb used=1321Kb max_used=1335Kb free=4439Kb
 bounds [0x000002e043d00000, 0x000002e043f70000, 0x000002e0442a0000]
 total_blobs=3416 nmethods=2822 adapters=500
 compilation: enabled
              stopped_count=0, restarted_count=0
 full_count=0

Compilation events (20 events):
Event: 3.201 Thread 0x000002e04d9ce180 nmethod 2817 0x000002e03cd51890 code [0x000002e03cd51ba0, 0x000002e03cd52ce0]
Event: 3.201 Thread 0x000002e04d9ce180 2818   !   3       sun.security.provider.DigestBase::engineDigest (33 bytes)
Event: 3.201 Thread 0x000002e04d9ce180 nmethod 2818 0x000002e03cd53390 code [0x000002e03cd53560, 0x000002e03cd53810]
Event: 3.206 Thread 0x000002e04d9ce180 2819       3       java.util.jar.Attributes$Name::of (28 bytes)
Event: 3.207 Thread 0x000002e095933ce0 2822       4       java.lang.invoke.MethodType::makeImpl (109 bytes)
Event: 3.207 Thread 0x000002e04d9ce180 nmethod 2819 0x000002e03cd53910 code [0x000002e03cd53b20, 0x000002e03cd54050]
Event: 3.207 Thread 0x000002e04d9ce180 2820 %     3       java.util.jar.Manifest$FastInputStream::readLine @ 86 (296 bytes)
Event: 3.208 Thread 0x000002e04d9ce180 nmethod 2820% 0x000002e03cd54290 code [0x000002e03cd544c0, 0x000002e03cd54f60]
Event: 3.208 Thread 0x000002e04d9ce180 2821       3       java.util.jar.Attributes::putValue (13 bytes)
Event: 3.208 Thread 0x000002e04d9ce180 nmethod 2821 0x000002e03cd55310 code [0x000002e03cd55540, 0x000002e03cd55d18]
Event: 3.211 Thread 0x000002e04d9ce180 2824       1       java.util.zip.ZipEntry::getName (5 bytes)
Event: 3.211 Thread 0x000002e04d9ce180 nmethod 2824 0x000002e0443d4810 code [0x000002e0443d49a0, 0x000002e0443d4a68]
Event: 3.211 Thread 0x000002e04d9ce180 2825       3       org.eclipse.osgi.storage.bundlefile.ZipBundleFile$1::hasNext (10 bytes)
Event: 3.212 Thread 0x000002e04d9ce180 nmethod 2825 0x000002e03cd55f90 code [0x000002e03cd56140, 0x000002e03cd56318]
Event: 3.212 Thread 0x000002e04d9ce180 2826       3       org.eclipse.osgi.storage.bundlefile.ZipBundleFile$1::next (5 bytes)
Event: 3.212 Thread 0x000002e04d9ce180 nmethod 2826 0x000002e03cd56410 code [0x000002e03cd565e0, 0x000002e03cd569e0]
Event: 3.212 Thread 0x000002e04d9ce180 2827       3       org.eclipse.osgi.storage.bundlefile.ZipBundleFile$1::next (18 bytes)
Event: 3.212 Thread 0x000002e04d9ce180 nmethod 2827 0x000002e03cd56b10 code [0x000002e03cd56ce0, 0x000002e03cd57068]
Event: 3.263 Thread 0x000002e04d9ce180 2831       3       java.lang.Character$UnicodeBlock::<init> (17 bytes)
Event: 3.263 Thread 0x000002e04d9ce180 nmethod 2831 0x000002e03cd57190 code [0x000002e03cd57380, 0x000002e03cd577e0]

GC Heap History (14 events):
Event: 0.771 GC heap before
{Heap before GC invocations=1 (full 0):
 PSYoungGen      total 29696K, used 25600K [0x00000000eab00000, 0x00000000ecc00000, 0x0000000100000000)
  eden space 25600K, 100% used [0x00000000eab00000,0x00000000ec400000,0x00000000ec400000)
  from space 4096K, 0% used [0x00000000ec800000,0x00000000ec800000,0x00000000ecc00000)
  to   space 4096K, 0% used [0x00000000ec400000,0x00000000ec400000,0x00000000ec800000)
 ParOldGen       total 68608K, used 0K [0x00000000c0000000, 0x00000000c4300000, 0x00000000eab00000)
  object space 68608K, 0% used [0x00000000c0000000,0x00000000c0000000,0x00000000c4300000)
 Metaspace       used 4338K, committed 4544K, reserved 1114112K
  class space    used 460K, committed 576K, reserved 1048576K
}
Event: 0.778 GC heap after
{Heap after GC invocations=1 (full 0):
 PSYoungGen      total 29696K, used 3254K [0x00000000eab00000, 0x00000000ecc00000, 0x0000000100000000)
  eden space 25600K, 0% used [0x00000000eab00000,0x00000000eab00000,0x00000000ec400000)
  from space 4096K, 79% used [0x00000000ec400000,0x00000000ec72d880,0x00000000ec800000)
  to   space 4096K, 0% used [0x00000000ec800000,0x00000000ec800000,0x00000000ecc00000)
 ParOldGen       total 68608K, used 16K [0x00000000c0000000, 0x00000000c4300000, 0x00000000eab00000)
  object space 68608K, 0% used [0x00000000c0000000,0x00000000c0004000,0x00000000c4300000)
 Metaspace       used 4338K, committed 4544K, reserved 1114112K
  class space    used 460K, committed 576K, reserved 1048576K
}
Event: 1.517 GC heap before
{Heap before GC invocations=2 (full 0):
 PSYoungGen      total 29696K, used 28854K [0x00000000eab00000, 0x00000000ecc00000, 0x0000000100000000)
  eden space 25600K, 100% used [0x00000000eab00000,0x00000000ec400000,0x00000000ec400000)
  from space 4096K, 79% used [0x00000000ec400000,0x00000000ec72d880,0x00000000ec800000)
  to   space 4096K, 0% used [0x00000000ec800000,0x00000000ec800000,0x00000000ecc00000)
 ParOldGen       total 68608K, used 16K [0x00000000c0000000, 0x00000000c4300000, 0x00000000eab00000)
  object space 68608K, 0% used [0x00000000c0000000,0x00000000c0004000,0x00000000c4300000)
 Metaspace       used 8351K, committed 8640K, reserved 1114112K
  class space    used 855K, committed 1024K, reserved 1048576K
}
Event: 1.522 GC heap after
{Heap after GC invocations=2 (full 0):
 PSYoungGen      total 29696K, used 4090K [0x00000000eab00000, 0x00000000ecc00000, 0x0000000100000000)
  eden space 25600K, 0% used [0x00000000eab00000,0x00000000eab00000,0x00000000ec400000)
  from space 4096K, 99% used [0x00000000ec800000,0x00000000ecbfe9b8,0x00000000ecc00000)
  to   space 4096K, 0% used [0x00000000ec400000,0x00000000ec400000,0x00000000ec800000)
 ParOldGen       total 68608K, used 879K [0x00000000c0000000, 0x00000000c4300000, 0x00000000eab00000)
  object space 68608K, 1% used [0x00000000c0000000,0x00000000c00dbec8,0x00000000c4300000)
 Metaspace       used 8351K, committed 8640K, reserved 1114112K
  class space    used 855K, committed 1024K, reserved 1048576K
}
Event: 2.080 GC heap before
{Heap before GC invocations=3 (full 0):
 PSYoungGen      total 29696K, used 29690K [0x00000000eab00000, 0x00000000ecc00000, 0x0000000100000000)
  eden space 25600K, 100% used [0x00000000eab00000,0x00000000ec400000,0x00000000ec400000)
  from space 4096K, 99% used [0x00000000ec800000,0x00000000ecbfe9b8,0x00000000ecc00000)
  to   space 4096K, 0% used [0x00000000ec400000,0x00000000ec400000,0x00000000ec800000)
 ParOldGen       total 68608K, used 879K [0x00000000c0000000, 0x00000000c4300000, 0x00000000eab00000)
  object space 68608K, 1% used [0x00000000c0000000,0x00000000c00dbec8,0x00000000c4300000)
 Metaspace       used 13088K, committed 13696K, reserved 1114112K
  class space    used 1340K, committed 1600K, reserved 1048576K
}
Event: 2.084 GC heap after
{Heap after GC invocations=3 (full 0):
 PSYoungGen      total 29696K, used 4067K [0x00000000eab00000, 0x00000000ecc00000, 0x0000000100000000)
  eden space 25600K, 0% used [0x00000000eab00000,0x00000000eab00000,0x00000000ec400000)
  from space 4096K, 99% used [0x00000000ec400000,0x00000000ec7f8f38,0x00000000ec800000)
  to   space 4096K, 0% used [0x00000000ec800000,0x00000000ec800000,0x00000000ecc00000)
 ParOldGen       total 68608K, used 2848K [0x00000000c0000000, 0x00000000c4300000, 0x00000000eab00000)
  object space 68608K, 4% used [0x00000000c0000000,0x00000000c02c82d8,0x00000000c4300000)
 Metaspace       used 13088K, committed 13696K, reserved 1114112K
  class space    used 1340K, committed 1600K, reserved 1048576K
}
Event: 2.384 GC heap before
{Heap before GC invocations=4 (full 0):
 PSYoungGen      total 29696K, used 29548K [0x00000000eab00000, 0x00000000ecc00000, 0x0000000100000000)
  eden space 25600K, 99% used [0x00000000eab00000,0x00000000ec3e2108,0x00000000ec400000)
  from space 4096K, 99% used [0x00000000ec400000,0x00000000ec7f8f38,0x00000000ec800000)
  to   space 4096K, 0% used [0x00000000ec800000,0x00000000ec800000,0x00000000ecc00000)
 ParOldGen       total 68608K, used 2848K [0x00000000c0000000, 0x00000000c4300000, 0x00000000eab00000)
  object space 68608K, 4% used [0x00000000c0000000,0x00000000c02c82d8,0x00000000c4300000)
 Metaspace       used 16014K, committed 16640K, reserved 1114112K
  class space    used 1613K, committed 1856K, reserved 1048576K
}
Event: 2.387 GC heap after
{Heap after GC invocations=4 (full 0):
 PSYoungGen      total 29696K, used 4090K [0x00000000eab00000, 0x00000000ecc00000, 0x0000000100000000)
  eden space 25600K, 0% used [0x00000000eab00000,0x00000000eab00000,0x00000000ec400000)
  from space 4096K, 99% used [0x00000000ec800000,0x00000000ecbfea40,0x00000000ecc00000)
  to   space 4096K, 0% used [0x00000000ec400000,0x00000000ec400000,0x00000000ec800000)
 ParOldGen       total 68608K, used 5603K [0x00000000c0000000, 0x00000000c4300000, 0x00000000eab00000)
  object space 68608K, 8% used [0x00000000c0000000,0x00000000c0578e58,0x00000000c4300000)
 Metaspace       used 16014K, committed 16640K, reserved 1114112K
  class space    used 1613K, committed 1856K, reserved 1048576K
}
Event: 2.638 GC heap before
{Heap before GC invocations=5 (full 0):
 PSYoungGen      total 29696K, used 29680K [0x00000000eab00000, 0x00000000ecc00000, 0x0000000100000000)
  eden space 25600K, 99% used [0x00000000eab00000,0x00000000ec3fd750,0x00000000ec400000)
  from space 4096K, 99% used [0x00000000ec800000,0x00000000ecbfea40,0x00000000ecc00000)
  to   space 4096K, 0% used [0x00000000ec400000,0x00000000ec400000,0x00000000ec800000)
 ParOldGen       total 68608K, used 5603K [0x00000000c0000000, 0x00000000c4300000, 0x00000000eab00000)
  object space 68608K, 8% used [0x00000000c0000000,0x00000000c0578e58,0x00000000c4300000)
 Metaspace       used 20166K, committed 20800K, reserved 1114112K
  class space    used 1914K, committed 2176K, reserved 1048576K
}
Event: 2.641 GC heap after
{Heap after GC invocations=5 (full 0):
 PSYoungGen      total 29184K, used 4086K [0x00000000eab00000, 0x00000000ecf80000, 0x0000000100000000)
  eden space 25088K, 0% used [0x00000000eab00000,0x00000000eab00000,0x00000000ec380000)
  from space 4096K, 99% used [0x00000000ec400000,0x00000000ec7fdac8,0x00000000ec800000)
  to   space 6144K, 0% used [0x00000000ec980000,0x00000000ec980000,0x00000000ecf80000)
 ParOldGen       total 68608K, used 6900K [0x00000000c0000000, 0x00000000c4300000, 0x00000000eab00000)
  object space 68608K, 10% used [0x00000000c0000000,0x00000000c06bd1d0,0x00000000c4300000)
 Metaspace       used 20166K, committed 20800K, reserved 1114112K
  class space    used 1914K, committed 2176K, reserved 1048576K
}
Event: 2.831 GC heap before
{Heap before GC invocations=6 (full 0):
 PSYoungGen      total 29184K, used 22035K [0x00000000eab00000, 0x00000000ecf80000, 0x0000000100000000)
  eden space 25088K, 71% used [0x00000000eab00000,0x00000000ebc872d8,0x00000000ec380000)
  from space 4096K, 99% used [0x00000000ec400000,0x00000000ec7fdac8,0x00000000ec800000)
  to   space 6144K, 0% used [0x00000000ec980000,0x00000000ec980000,0x00000000ecf80000)
 ParOldGen       total 68608K, used 6900K [0x00000000c0000000, 0x00000000c4300000, 0x00000000eab00000)
  object space 68608K, 10% used [0x00000000c0000000,0x00000000c06bd1d0,0x00000000c4300000)
 Metaspace       used 20863K, committed 21504K, reserved 1114112K
  class space    used 1939K, committed 2240K, reserved 1048576K
}
Event: 2.835 GC heap after
{Heap after GC invocations=6 (full 0):
 PSYoungGen      total 30720K, used 5420K [0x00000000eab00000, 0x00000000ecf00000, 0x0000000100000000)
  eden space 25088K, 0% used [0x00000000eab00000,0x00000000eab00000,0x00000000ec380000)
  from space 5632K, 96% used [0x00000000ec980000,0x00000000ececb178,0x00000000ecf00000)
  to   space 5632K, 0% used [0x00000000ec400000,0x00000000ec400000,0x00000000ec980000)
 ParOldGen       total 68608K, used 6908K [0x00000000c0000000, 0x00000000c4300000, 0x00000000eab00000)
  object space 68608K, 10% used [0x00000000c0000000,0x00000000c06bf1d0,0x00000000c4300000)
 Metaspace       used 20863K, committed 21504K, reserved 1114112K
  class space    used 1939K, committed 2240K, reserved 1048576K
}
Event: 2.835 GC heap before
{Heap before GC invocations=7 (full 1):
 PSYoungGen      total 30720K, used 5420K [0x00000000eab00000, 0x00000000ecf00000, 0x0000000100000000)
  eden space 25088K, 0% used [0x00000000eab00000,0x00000000eab00000,0x00000000ec380000)
  from space 5632K, 96% used [0x00000000ec980000,0x00000000ececb178,0x00000000ecf00000)
  to   space 5632K, 0% used [0x00000000ec400000,0x00000000ec400000,0x00000000ec980000)
 ParOldGen       total 68608K, used 6908K [0x00000000c0000000, 0x00000000c4300000, 0x00000000eab00000)
  object space 68608K, 10% used [0x00000000c0000000,0x00000000c06bf1d0,0x00000000c4300000)
 Metaspace       used 20863K, committed 21504K, reserved 1114112K
  class space    used 1939K, committed 2240K, reserved 1048576K
}
Event: 2.860 GC heap after
{Heap after GC invocations=7 (full 1):
 PSYoungGen      total 30720K, used 0K [0x00000000eab00000, 0x00000000ecf00000, 0x0000000100000000)
  eden space 25088K, 0% used [0x00000000eab00000,0x00000000eab00000,0x00000000ec380000)
  from space 5632K, 0% used [0x00000000ec980000,0x00000000ec980000,0x00000000ecf00000)
  to   space 5632K, 0% used [0x00000000ec400000,0x00000000ec400000,0x00000000ec980000)
 ParOldGen       total 68608K, used 9995K [0x00000000c0000000, 0x00000000c4300000, 0x00000000eab00000)
  object space 68608K, 14% used [0x00000000c0000000,0x00000000c09c2d18,0x00000000c4300000)
 Metaspace       used 20851K, committed 21504K, reserved 1114112K
  class space    used 1935K, committed 2240K, reserved 1048576K
}

Dll operation events (9 events):
Event: 0.015 Loaded shared library c:\Users\dilan\.vscode\extensions\redhat.java-1.42.0-win32-x64\jre\21.0.7-win32-x86_64\bin\java.dll
Event: 0.112 Loaded shared library c:\Users\dilan\.vscode\extensions\redhat.java-1.42.0-win32-x64\jre\21.0.7-win32-x86_64\bin\zip.dll
Event: 0.141 Loaded shared library C:\Users\dilan\.vscode\extensions\redhat.java-1.42.0-win32-x64\jre\21.0.7-win32-x86_64\bin\instrument.dll
Event: 0.151 Loaded shared library C:\Users\dilan\.vscode\extensions\redhat.java-1.42.0-win32-x64\jre\21.0.7-win32-x86_64\bin\net.dll
Event: 0.154 Loaded shared library C:\Users\dilan\.vscode\extensions\redhat.java-1.42.0-win32-x64\jre\21.0.7-win32-x86_64\bin\nio.dll
Event: 0.159 Loaded shared library C:\Users\dilan\.vscode\extensions\redhat.java-1.42.0-win32-x64\jre\21.0.7-win32-x86_64\bin\zip.dll
Event: 0.181 Loaded shared library C:\Users\dilan\.vscode\extensions\redhat.java-1.42.0-win32-x64\jre\21.0.7-win32-x86_64\bin\jimage.dll
Event: 0.278 Loaded shared library c:\Users\dilan\.vscode\extensions\redhat.java-1.42.0-win32-x64\jre\21.0.7-win32-x86_64\bin\verify.dll
Event: 1.478 Loaded shared library C:\Users\dilan\AppData\Roaming\Code\User\globalStorage\redhat.java\1.42.0\config_ss_win\org.eclipse.equinox.launcher\org.eclipse.equinox.launcher.win32.win32.x86_64_1.2.1300.v20250331-1702\eclipse_11911.dll

Deoptimization events (20 events):
Event: 3.216 Thread 0x000002e0958beb50 DEOPT PACKING pc=0x000002e03cd3b649 sp=0x000000f18f5f8f20
Event: 3.216 Thread 0x000002e0958beb50 DEOPT UNPACKING pc=0x000002e043d578e2 sp=0x000000f18f5f8390 mode 0
Event: 3.219 Thread 0x000002e0958beb50 DEOPT PACKING pc=0x000002e03cd3b649 sp=0x000000f18f5f8f20
Event: 3.219 Thread 0x000002e0958beb50 DEOPT UNPACKING pc=0x000002e043d578e2 sp=0x000000f18f5f8390 mode 0
Event: 3.219 Thread 0x000002e0958beb50 DEOPT PACKING pc=0x000002e03cd3b649 sp=0x000000f18f5f8f20
Event: 3.219 Thread 0x000002e0958beb50 DEOPT UNPACKING pc=0x000002e043d578e2 sp=0x000000f18f5f8390 mode 0
Event: 3.220 Thread 0x000002e0958beb50 DEOPT PACKING pc=0x000002e03cd3b649 sp=0x000000f18f5f8f20
Event: 3.220 Thread 0x000002e0958beb50 DEOPT UNPACKING pc=0x000002e043d578e2 sp=0x000000f18f5f8390 mode 0
Event: 3.220 Thread 0x000002e0958beb50 DEOPT PACKING pc=0x000002e03cd3b649 sp=0x000000f18f5f8f20
Event: 3.220 Thread 0x000002e0958beb50 DEOPT UNPACKING pc=0x000002e043d578e2 sp=0x000000f18f5f8390 mode 0
Event: 3.220 Thread 0x000002e0958beb50 DEOPT PACKING pc=0x000002e03cd3b649 sp=0x000000f18f5f8f20
Event: 3.220 Thread 0x000002e0958beb50 DEOPT UNPACKING pc=0x000002e043d578e2 sp=0x000000f18f5f8390 mode 0
Event: 3.220 Thread 0x000002e0958beb50 DEOPT PACKING pc=0x000002e03cd3b649 sp=0x000000f18f5f8f20
Event: 3.220 Thread 0x000002e0958beb50 DEOPT UNPACKING pc=0x000002e043d578e2 sp=0x000000f18f5f8390 mode 0
Event: 3.220 Thread 0x000002e0958beb50 DEOPT PACKING pc=0x000002e03cd3b649 sp=0x000000f18f5f8f20
Event: 3.220 Thread 0x000002e0958beb50 DEOPT UNPACKING pc=0x000002e043d578e2 sp=0x000000f18f5f8390 mode 0
Event: 3.220 Thread 0x000002e0958beb50 DEOPT PACKING pc=0x000002e03cd3b649 sp=0x000000f18f5f8f20
Event: 3.220 Thread 0x000002e0958beb50 DEOPT UNPACKING pc=0x000002e043d578e2 sp=0x000000f18f5f8390 mode 0
Event: 3.220 Thread 0x000002e0958beb50 DEOPT PACKING pc=0x000002e03cd3b649 sp=0x000000f18f5f8f20
Event: 3.220 Thread 0x000002e0958beb50 DEOPT UNPACKING pc=0x000002e043d578e2 sp=0x000000f18f5f8390 mode 0

Classes loaded (20 events):
Event: 2.986 Loading class sun/nio/fs/WindowsDirectoryStream
Event: 2.986 Loading class java/nio/file/DirectoryStream
Event: 2.986 Loading class java/nio/file/DirectoryStream done
Event: 2.986 Loading class sun/nio/fs/WindowsDirectoryStream done
Event: 2.987 Loading class sun/nio/fs/WindowsDirectoryStream$WindowsDirectoryIterator
Event: 2.987 Loading class sun/nio/fs/WindowsDirectoryStream$WindowsDirectoryIterator done
Event: 2.988 Loading class sun/nio/fs/WindowsPath$WindowsPathWithAttributes
Event: 2.989 Loading class sun/nio/fs/BasicFileAttributesHolder
Event: 2.989 Loading class sun/nio/fs/BasicFileAttributesHolder done
Event: 2.989 Loading class sun/nio/fs/WindowsPath$WindowsPathWithAttributes done
Event: 3.196 Loading class sun/security/provider/AbstractDrbg$NonceProvider
Event: 3.196 Loading class sun/security/provider/AbstractDrbg$NonceProvider done
Event: 3.231 Loading class java/util/DualPivotQuicksort
Event: 3.232 Loading class java/util/DualPivotQuicksort done
Event: 3.251 Loading class java/lang/Character$UnicodeBlock
Event: 3.254 Loading class java/lang/Character$Subset
Event: 3.254 Loading class java/lang/Character$Subset done
Event: 3.256 Loading class java/lang/Character$UnicodeBlock done
Event: 3.284 Loading class java/lang/StringIndexOutOfBoundsException
Event: 3.284 Loading class java/lang/StringIndexOutOfBoundsException done

Classes unloaded (7 events):
Event: 2.841 Thread 0x000002e039688c20 Unloading class 0x000002e04f18f400 'java/lang/invoke/LambdaForm$MH+0x000002e04f18f400'
Event: 2.841 Thread 0x000002e039688c20 Unloading class 0x000002e04f18f000 'java/lang/invoke/LambdaForm$MH+0x000002e04f18f000'
Event: 2.841 Thread 0x000002e039688c20 Unloading class 0x000002e04f18ec00 'java/lang/invoke/LambdaForm$MH+0x000002e04f18ec00'
Event: 2.841 Thread 0x000002e039688c20 Unloading class 0x000002e04f18e800 'java/lang/invoke/LambdaForm$MH+0x000002e04f18e800'
Event: 2.841 Thread 0x000002e039688c20 Unloading class 0x000002e04f18e400 'java/lang/invoke/LambdaForm$BMH+0x000002e04f18e400'
Event: 2.841 Thread 0x000002e039688c20 Unloading class 0x000002e04f18e000 'java/lang/invoke/LambdaForm$DMH+0x000002e04f18e000'
Event: 2.841 Thread 0x000002e039688c20 Unloading class 0x000002e04f18cc00 'java/lang/invoke/LambdaForm$DMH+0x000002e04f18cc00'

Classes redefined (0 events):
No events

Internal exceptions (20 events):
Event: 2.094 Thread 0x000002e0958beb50 Exception <a 'java/io/FileNotFoundException'{0x00000000eab38240}> (0x00000000eab38240) 
thrown [s\src\hotspot\share\prims\jni.cpp, line 520]
Event: 2.179 Thread 0x000002e0958beb50 Exception <a 'java/lang/NoSuchMethodError'{0x00000000eb150328}: 'java.lang.Object java.lang.invoke.DirectMethodHandle$Holder.newInvokeSpecial(java.lang.Object, java.lang.Object, java.lang.Object, java.lang.Object, java.lang.Object)'> (0x00000000eb150328) 
thrown [s\src\hotspot\share\interpreter\linkResolver.cpp, line 773]
Event: 2.194 Thread 0x000002e0958beb50 Exception <a 'java/lang/NoSuchMethodError'{0x00000000eb22cec8}: 'java.lang.Object java.lang.invoke.DirectMethodHandle$Holder.invokeSpecial(java.lang.Object, java.lang.Object, java.lang.Object, long, java.lang.Object)'> (0x00000000eb22cec8) 
thrown [s\src\hotspot\share\interpreter\linkResolver.cpp, line 773]
Event: 2.195 Thread 0x000002e0958beb50 Exception <a 'java/lang/NoSuchMethodError'{0x00000000eb234658}: 'java.lang.Object java.lang.invoke.DirectMethodHandle$Holder.newInvokeSpecial(java.lang.Object, java.lang.Object, java.lang.Object, long)'> (0x00000000eb234658) 
thrown [s\src\hotspot\share\interpreter\linkResolver.cpp, line 773]
Event: 2.195 Thread 0x000002e0958beb50 Exception <a 'java/lang/NoSuchMethodError'{0x00000000eb2384b8}: 'java.lang.Object java.lang.invoke.Invokers$Holder.linkToTargetMethod(java.lang.Object, java.lang.Object, long, java.lang.Object)'> (0x00000000eb2384b8) 
thrown [s\src\hotspot\share\interpreter\linkResolver.cpp, line 773]
Event: 2.201 Thread 0x000002e0958beb50 Exception <a 'java/lang/NoSuchMethodError'{0x00000000eb2a9960}: 'int java.lang.invoke.DirectMethodHandle$Holder.invokeStaticInit(java.lang.Object, java.lang.Object, java.lang.Object)'> (0x00000000eb2a9960) 
thrown [s\src\hotspot\share\interpreter\linkResolver.cpp, line 773]
Event: 2.211 Thread 0x000002e0958beb50 Exception <a 'java/lang/IncompatibleClassChangeError'{0x00000000eb3384c8}: Found class java.lang.Object, but interface was expected> (0x00000000eb3384c8) 
thrown [s\src\hotspot\share\interpreter\linkResolver.cpp, line 840]
Event: 2.212 Thread 0x000002e0958beb50 Exception <a 'java/lang/NoSuchMethodError'{0x00000000eb33be20}: 'java.lang.Object java.lang.invoke.DirectMethodHandle$Holder.invokeSpecial(java.lang.Object, java.lang.Object, java.lang.Object, int, java.lang.Object, java.lang.Object)'> (0x00000000eb33be20) 
thrown [s\src\hotspot\share\interpreter\linkResolver.cpp, line 773]
Event: 2.213 Thread 0x000002e0958beb50 Exception <a 'java/lang/NoSuchMethodError'{0x00000000eb3436b8}: 'java.lang.Object java.lang.invoke.DirectMethodHandle$Holder.newInvokeSpecial(java.lang.Object, java.lang.Object, java.lang.Object, int, java.lang.Object)'> (0x00000000eb3436b8) 
thrown [s\src\hotspot\share\interpreter\linkResolver.cpp, line 773]
Event: 2.213 Thread 0x000002e0958beb50 Exception <a 'java/lang/NoSuchMethodError'{0x00000000eb3471a8}: 'java.lang.Object java.lang.invoke.Invokers$Holder.linkToTargetMethod(java.lang.Object, java.lang.Object, int, java.lang.Object, java.lang.Object)'> (0x00000000eb3471a8) 
thrown [s\src\hotspot\share\interpreter\linkResolver.cpp, line 773]
Event: 2.214 Thread 0x000002e0958bd110 Exception <a 'java/lang/NoSuchMethodError'{0x00000000eb288e28}: 'java.lang.Object java.lang.invoke.DirectMethodHandle$Holder.invokeSpecial(java.lang.Object, java.lang.Object, int, java.lang.Object, java.lang.Object)'> (0x00000000eb288e28) 
thrown [s\src\hotspot\share\interpreter\linkResolver.cpp, line 773]
Event: 2.214 Thread 0x000002e0958bd110 Exception <a 'java/lang/NoSuchMethodError'{0x00000000eb28fb60}: 'java.lang.Object java.lang.invoke.DirectMethodHandle$Holder.newInvokeSpecial(java.lang.Object, java.lang.Object, int, java.lang.Object)'> (0x00000000eb28fb60) 
thrown [s\src\hotspot\share\interpreter\linkResolver.cpp, line 773]
Event: 2.232 Thread 0x000002e0958beb50 Exception <a 'java/lang/NoSuchMethodError'{0x00000000eb474a10}: 'void java.lang.invoke.DirectMethodHandle$Holder.invokeSpecial(java.lang.Object, java.lang.Object, java.lang.Object, java.lang.Object, java.lang.Object)'> (0x00000000eb474a10) 
thrown [s\src\hotspot\share\interpreter\linkResolver.cpp, line 773]
Event: 2.275 Thread 0x000002e0958beb50 Exception <a 'java/lang/NoSuchMethodError'{0x00000000eb7326f8}: 'double java.lang.invoke.DirectMethodHandle$Holder.invokeStatic(java.lang.Object, java.lang.Object)'> (0x00000000eb7326f8) 
thrown [s\src\hotspot\share\interpreter\linkResolver.cpp, line 773]
Event: 2.275 Thread 0x000002e0958beb50 Exception <a 'java/lang/NoSuchMethodError'{0x00000000eb735db8}: 'double java.lang.invoke.DirectMethodHandle$Holder.invokeStaticInit(java.lang.Object, java.lang.Object)'> (0x00000000eb735db8) 
thrown [s\src\hotspot\share\interpreter\linkResolver.cpp, line 773]
Event: 2.558 Thread 0x000002e0958beb50 Implicit null exception at 0x000002e0443af775 to 0x000002e0443af888
Event: 2.876 Thread 0x000002e0958beb50 Exception <a 'java/lang/NoSuchMethodError'{0x00000000eabe6860}: 'java.lang.Object java.lang.invoke.DirectMethodHandle$Holder.newInvokeSpecial(java.lang.Object, int, java.lang.Object, java.lang.Object)'> (0x00000000eabe6860) 
thrown [s\src\hotspot\share\interpreter\linkResolver.cpp, line 773]
Event: 2.923 Thread 0x000002e0958beb50 Exception <a 'sun/nio/fs/WindowsException'{0x00000000eade82b8}> (0x00000000eade82b8) 
thrown [s\src\hotspot\share\prims\jni.cpp, line 520]
Event: 2.966 Thread 0x000002e0958beb50 Exception <a 'java/lang/NoSuchMethodError'{0x00000000eaf6a098}: 'java.lang.Object java.lang.invoke.DirectMethodHandle$Holder.invokeStaticInit(java.lang.Object, int, int, int, int)'> (0x00000000eaf6a098) 
thrown [s\src\hotspot\share\interpreter\linkResolver.cpp, line 773]
Event: 3.193 Thread 0x000002e0958beb50 Exception <a 'java/lang/NoSuchMethodError'{0x00000000eb0abdf0}: 'java.lang.Object java.lang.invoke.DirectMethodHandle$Holder.invokeStaticInit(java.lang.Object, java.lang.Object, int, int, int, int)'> (0x00000000eb0abdf0) 
thrown [s\src\hotspot\share\interpreter\linkResolver.cpp, line 773]

ZGC Phase Switch (0 events):
No events

VM Operations (20 events):
Event: 2.111 Executing VM operation: HandshakeAllThreads (Deoptimize)
Event: 2.111 Executing VM operation: HandshakeAllThreads (Deoptimize) done
Event: 2.115 Executing VM operation: HandshakeAllThreads (Deoptimize)
Event: 2.115 Executing VM operation: HandshakeAllThreads (Deoptimize) done
Event: 2.128 Executing VM operation: HandshakeAllThreads (Deoptimize)
Event: 2.128 Executing VM operation: HandshakeAllThreads (Deoptimize) done
Event: 2.384 Executing VM operation: ParallelGCFailedAllocation (Allocation Failure)
Event: 2.387 Executing VM operation: ParallelGCFailedAllocation (Allocation Failure) done
Event: 2.638 Executing VM operation: ParallelGCFailedAllocation (Allocation Failure)
Event: 2.641 Executing VM operation: ParallelGCFailedAllocation (Allocation Failure) done
Event: 2.805 Executing VM operation: HandshakeAllThreads (Deoptimize)
Event: 2.805 Executing VM operation: HandshakeAllThreads (Deoptimize) done
Event: 2.831 Executing VM operation: CollectForMetadataAllocation (Metadata GC Threshold)
Event: 2.860 Executing VM operation: CollectForMetadataAllocation (Metadata GC Threshold) done
Event: 2.911 Executing VM operation: HandshakeAllThreads (Deoptimize)
Event: 2.912 Executing VM operation: HandshakeAllThreads (Deoptimize) done
Event: 3.221 Executing VM operation: HandshakeAllThreads (Deoptimize)
Event: 3.221 Executing VM operation: HandshakeAllThreads (Deoptimize) done
Event: 3.222 Executing VM operation: HandshakeAllThreads (Deoptimize)
Event: 3.222 Executing VM operation: HandshakeAllThreads (Deoptimize) done

Memory protections (0 events):
No events

Nmethod flushes (0 events):
No events

Events (20 events):
Event: 0.059 Thread 0x000002e0395ef820 Thread added: 0x000002e04d99a380
Event: 0.059 Thread 0x000002e0395ef820 Thread added: 0x000002e04d99c4f0
Event: 0.060 Thread 0x000002e0395ef820 Thread added: 0x000002e04d99f050
Event: 0.060 Thread 0x000002e0395ef820 Thread added: 0x000002e04d99fe80
Event: 0.062 Thread 0x000002e0395ef820 Thread added: 0x000002e04d9ce180
Event: 0.099 Thread 0x000002e0395ef820 Thread added: 0x000002e090504d20
Event: 0.123 Thread 0x000002e04d9ce180 Thread added: 0x000002e090600410
Event: 0.378 Thread 0x000002e0395ef820 Thread added: 0x000002e0906db030
Event: 1.265 Thread 0x000002e0395ef820 Thread added: 0x000002e095a1d3a0
Event: 1.467 Thread 0x000002e0395ef820 Thread added: 0x000002e0958be4c0
Event: 1.472 Thread 0x000002e0395ef820 Thread added: 0x000002e0958beb50
Event: 1.511 Thread 0x000002e0958beb50 Thread added: 0x000002e0958bf870
Event: 1.614 Thread 0x000002e090600410 Thread exited: 0x000002e090600410
Event: 1.642 Thread 0x000002e0958beb50 Thread added: 0x000002e0958bde30
Event: 1.726 Thread 0x000002e04d9ce180 Thread added: 0x000002e095933ce0
Event: 1.914 Thread 0x000002e0958beb50 Thread added: 0x000002e0958bf1e0
Event: 2.197 Thread 0x000002e0958beb50 Thread added: 0x000002e0958bd110
Event: 2.214 Thread 0x000002e0958beb50 Thread added: 0x000002e0958bc3f0
Event: 2.863 Thread 0x000002e0958beb50 Thread added: 0x000002e0958bca80
Event: 2.946 Thread 0x000002e0958bca80 Thread exited: 0x000002e0958bca80


Dynamic libraries:
0x00007ff7fdfc0000 - 0x00007ff7fdfce000 	c:\Users\dilan\.vscode\extensions\redhat.java-1.42.0-win32-x64\jre\21.0.7-win32-x86_64\bin\java.exe
0x00007ffe9fbb0000 - 0x00007ffe9fdc7000 	C:\Windows\SYSTEM32\ntdll.dll
0x00007ffe9f0c0000 - 0x00007ffe9f184000 	C:\Windows\System32\KERNEL32.DLL
0x00007ffe9d310000 - 0x00007ffe9d6e3000 	C:\Windows\System32\KERNELBASE.dll
0x00007ffe9d1f0000 - 0x00007ffe9d301000 	C:\Windows\System32\ucrtbase.dll
0x00007ffe7d9b0000 - 0x00007ffe7d9c8000 	c:\Users\dilan\.vscode\extensions\redhat.java-1.42.0-win32-x64\jre\21.0.7-win32-x86_64\bin\jli.dll
0x00007ffe798b0000 - 0x00007ffe798ce000 	c:\Users\dilan\.vscode\extensions\redhat.java-1.42.0-win32-x64\jre\21.0.7-win32-x86_64\bin\VCRUNTIME140.dll
0x00007ffe9e230000 - 0x00007ffe9e3e1000 	C:\Windows\System32\USER32.dll
0x00007ffe9d770000 - 0x00007ffe9d796000 	C:\Windows\System32\win32u.dll
0x00007ffe9f540000 - 0x00007ffe9f569000 	C:\Windows\System32\GDI32.dll
0x00007ffe9ce10000 - 0x00007ffe9cf32000 	C:\Windows\System32\gdi32full.dll
0x00007ffe86890000 - 0x00007ffe86b2b000 	C:\Windows\WinSxS\amd64_microsoft.windows.common-controls_6595b64144ccf1df_6.0.22621.5262_none_2712bde373830908\COMCTL32.dll
0x00007ffe9d7a0000 - 0x00007ffe9d83a000 	C:\Windows\System32\msvcp_win.dll
0x00007ffe9f9e0000 - 0x00007ffe9fa87000 	C:\Windows\System32\msvcrt.dll
0x00007ffe9e3f0000 - 0x00007ffe9e421000 	C:\Windows\System32\IMM32.DLL
0x00007ffe9e1c0000 - 0x00007ffe9e226000 	C:\Windows\System32\SHLWAPI.dll
0x00007ffe9ef60000 - 0x00007ffe9f011000 	C:\Windows\System32\ADVAPI32.dll
0x00007ffe9f490000 - 0x00007ffe9f537000 	C:\Windows\System32\sechost.dll
0x00007ffe9cca0000 - 0x00007ffe9ccc8000 	C:\Windows\System32\bcrypt.dll
0x00007ffe9f360000 - 0x00007ffe9f474000 	C:\Windows\System32\RPCRT4.dll
0x00007ffe93c90000 - 0x00007ffe93c9c000 	c:\Users\dilan\.vscode\extensions\redhat.java-1.42.0-win32-x64\jre\21.0.7-win32-x86_64\bin\vcruntime140_1.dll
0x00007ffe527f0000 - 0x00007ffe5287d000 	c:\Users\dilan\.vscode\extensions\redhat.java-1.42.0-win32-x64\jre\21.0.7-win32-x86_64\bin\msvcp140.dll
0x00007ffe0c330000 - 0x00007ffe0d0c0000 	c:\Users\dilan\.vscode\extensions\redhat.java-1.42.0-win32-x64\jre\21.0.7-win32-x86_64\bin\server\jvm.dll
0x00007ffe9f020000 - 0x00007ffe9f091000 	C:\Windows\System32\WS2_32.dll
0x00007ffe9cac0000 - 0x00007ffe9cb0d000 	C:\Windows\SYSTEM32\POWRPROF.dll
0x00007ffe9a6c0000 - 0x00007ffe9a6f4000 	C:\Windows\SYSTEM32\WINMM.dll
0x00007ffe98100000 - 0x00007ffe9810a000 	C:\Windows\SYSTEM32\VERSION.dll
0x00007ffe9c9a0000 - 0x00007ffe9c9b3000 	C:\Windows\SYSTEM32\UMPDC.dll
0x00007ffe9bcb0000 - 0x00007ffe9bcc8000 	C:\Windows\SYSTEM32\kernel.appcore.dll
0x00007ffe798a0000 - 0x00007ffe798aa000 	c:\Users\dilan\.vscode\extensions\redhat.java-1.42.0-win32-x64\jre\21.0.7-win32-x86_64\bin\jimage.dll
0x00007ffe9a440000 - 0x00007ffe9a672000 	C:\Windows\SYSTEM32\DBGHELP.DLL
0x00007ffe9d840000 - 0x00007ffe9dbd3000 	C:\Windows\System32\combase.dll
0x00007ffe9fa90000 - 0x00007ffe9fb67000 	C:\Windows\System32\OLEAUT32.dll
0x00007ffe9a680000 - 0x00007ffe9a6b2000 	C:\Windows\SYSTEM32\dbgcore.DLL
0x00007ffe9d0b0000 - 0x00007ffe9d12b000 	C:\Windows\System32\bcryptPrimitives.dll
0x00007ffe78f70000 - 0x00007ffe78f7f000 	c:\Users\dilan\.vscode\extensions\redhat.java-1.42.0-win32-x64\jre\21.0.7-win32-x86_64\bin\instrument.dll
0x00007ffe78ce0000 - 0x00007ffe78cff000 	c:\Users\dilan\.vscode\extensions\redhat.java-1.42.0-win32-x64\jre\21.0.7-win32-x86_64\bin\java.dll
0x00007ffe9e590000 - 0x00007ffe9ee2d000 	C:\Windows\System32\SHELL32.dll
0x00007ffe9ccd0000 - 0x00007ffe9ce0f000 	C:\Windows\System32\wintypes.dll
0x00007ffe9ab90000 - 0x00007ffe9b4ad000 	C:\Windows\SYSTEM32\windows.storage.dll
0x00007ffe9ee50000 - 0x00007ffe9ef5b000 	C:\Windows\System32\SHCORE.dll
0x00007ffe9cbd0000 - 0x00007ffe9cbfb000 	C:\Windows\SYSTEM32\profapi.dll
0x00007ffe73c80000 - 0x00007ffe73c98000 	c:\Users\dilan\.vscode\extensions\redhat.java-1.42.0-win32-x64\jre\21.0.7-win32-x86_64\bin\zip.dll
0x00007ffe78f60000 - 0x00007ffe78f70000 	C:\Users\dilan\.vscode\extensions\redhat.java-1.42.0-win32-x64\jre\21.0.7-win32-x86_64\bin\net.dll
0x00007ffe99460000 - 0x00007ffe9958c000 	C:\Windows\SYSTEM32\WINHTTP.dll
0x00007ffe9c160000 - 0x00007ffe9c1ca000 	C:\Windows\system32\mswsock.dll
0x00007ffe64f90000 - 0x00007ffe64fa6000 	C:\Users\dilan\.vscode\extensions\redhat.java-1.42.0-win32-x64\jre\21.0.7-win32-x86_64\bin\nio.dll
0x00007ffe78b10000 - 0x00007ffe78b20000 	c:\Users\dilan\.vscode\extensions\redhat.java-1.42.0-win32-x64\jre\21.0.7-win32-x86_64\bin\verify.dll
0x00007ffe815b0000 - 0x00007ffe815f5000 	C:\Users\dilan\AppData\Roaming\Code\User\globalStorage\redhat.java\1.42.0\config_ss_win\org.eclipse.equinox.launcher\org.eclipse.equinox.launcher.win32.win32.x86_64_1.2.1300.v20250331-1702\eclipse_11911.dll
0x00007ffe9f680000 - 0x00007ffe9f821000 	C:\Windows\System32\ole32.dll
0x00007ffe9c3b0000 - 0x00007ffe9c3cb000 	C:\Windows\SYSTEM32\CRYPTSP.dll
0x00007ffe9bc10000 - 0x00007ffe9bc47000 	C:\Windows\system32\rsaenh.dll
0x00007ffe9c250000 - 0x00007ffe9c278000 	C:\Windows\SYSTEM32\USERENV.dll
0x00007ffe9c3d0000 - 0x00007ffe9c3dc000 	C:\Windows\SYSTEM32\CRYPTBASE.dll
0x00007ffe9b710000 - 0x00007ffe9b73d000 	C:\Windows\SYSTEM32\IPHLPAPI.DLL
0x00007ffe9f880000 - 0x00007ffe9f889000 	C:\Windows\System32\NSI.dll

dbghelp: loaded successfully - version: 4.0.5 - missing functions: none
symbol engine: initialized successfully - sym options: 0x614 - pdb path: .;c:\Users\dilan\.vscode\extensions\redhat.java-1.42.0-win32-x64\jre\21.0.7-win32-x86_64\bin;C:\Windows\SYSTEM32;C:\Windows\WinSxS\amd64_microsoft.windows.common-controls_6595b64144ccf1df_6.0.22621.5262_none_2712bde373830908;c:\Users\dilan\.vscode\extensions\redhat.java-1.42.0-win32-x64\jre\21.0.7-win32-x86_64\bin\server;C:\Users\dilan\AppData\Roaming\Code\User\globalStorage\redhat.java\1.42.0\config_ss_win\org.eclipse.equinox.launcher\org.eclipse.equinox.launcher.win32.win32.x86_64_1.2.1300.v20250331-1702

VM Arguments:
jvm_args: --add-modules=ALL-SYSTEM --add-opens=java.base/java.util=ALL-UNNAMED --add-opens=java.base/java.lang=ALL-UNNAMED --add-opens=java.base/sun.nio.fs=ALL-UNNAMED -Declipse.application=org.eclipse.jdt.ls.core.id1 -Dosgi.bundles.defaultStartLevel=4 -Declipse.product=org.eclipse.jdt.ls.core.product -Djava.import.generatesMetadataFilesAtProjectRoot=false -DDetectVMInstallationsJob.disabled=true -Dfile.encoding=utf8 -XX:+UseParallelGC -XX:GCTimeRatio=4 -XX:AdaptiveSizePolicyWeight=90 -Dsun.zip.disableMemoryMapping=true -Xmx1G -Xms100m -Xlog:disable -javaagent:c:\Users\dilan\.vscode\extensions\redhat.java-1.42.0-win32-x64\lombok\lombok-1.18.36.jar 
java_command: c:\Users\dilan\.vscode\extensions\redhat.java-1.42.0-win32-x64\server\plugins\org.eclipse.equinox.launcher_1.7.0.v20250424-1814.jar -configuration c:\Users\dilan\AppData\Roaming\Code\User\globalStorage\redhat.java\1.42.0\config_ss_win -data c:\Users\dilan\AppData\Roaming\Code\User\workspaceStorage\964a0a08aa6b98e66c53ab9b49f608ec\redhat.java\ss_ws --pipe=\\.\pipe\lsp-db8781a4d4bcfe7d32d113879b03b4d3-sock
java_class_path (initial): c:\Users\dilan\.vscode\extensions\redhat.java-1.42.0-win32-x64\server\plugins\org.eclipse.equinox.launcher_1.7.0.v20250424-1814.jar
Launcher Type: SUN_STANDARD

[Global flags]
    uintx AdaptiveSizePolicyWeight                 = 90                                        {product} {command line}
     intx CICompilerCount                          = 4                                         {product} {ergonomic}
    uintx GCTimeRatio                              = 4                                         {product} {command line}
   size_t InitialHeapSize                          = 104857600                                 {product} {command line}
   size_t MaxHeapSize                              = 1073741824                                {product} {command line}
   size_t MaxNewSize                               = 357564416                                 {product} {ergonomic}
   size_t MinHeapDeltaBytes                        = 524288                                    {product} {ergonomic}
   size_t MinHeapSize                              = 104857600                                 {product} {command line}
   size_t NewSize                                  = 34603008                                  {product} {ergonomic}
    uintx NonNMethodCodeHeapSize                   = 5839372                                {pd product} {ergonomic}
    uintx NonProfiledCodeHeapSize                  = 122909434                              {pd product} {ergonomic}
   size_t OldSize                                  = 70254592                                  {product} {ergonomic}
    uintx ProfiledCodeHeapSize                     = 122909434                              {pd product} {ergonomic}
    uintx ReservedCodeCacheSize                    = 251658240                              {pd product} {ergonomic}
     bool SegmentedCodeCache                       = true                                      {product} {ergonomic}
   size_t SoftMaxHeapSize                          = 1073741824                             {manageable} {ergonomic}
     bool UseCompressedOops                        = true                           {product lp64_product} {ergonomic}
     bool UseLargePagesIndividualAllocation        = false                                  {pd product} {ergonomic}
     bool UseParallelGC                            = true                                      {product} {command line}

Logging:
Log output configuration:
 #0: stdout all=off uptime,level,tags foldmultilines=false
 #1: stderr all=off uptime,level,tags foldmultilines=false

Environment Variables:
PATH=C:\oraclexe\app\oracle\product\11.2.0\server\bin;C:\app\dilan\product\21c\dbhomeXE\bin;C:\Program Files\Common Files\Oracle\Java\javapath;C:\Windows\system32;C:\Windows;C:\Windows\System32\Wbem;C:\Windows\System32\WindowsPowerShell\v1.0\;C:\Windows\System32\OpenSSH\;C:\Program Files (x86)\Windows Kits\10\Windows Performance Toolkit\;C:\Program Files\PuTTY\;C:\Program Files (x86)\ZeroTier\One\;C:\Program Files\dotnet\;C:\Program Files (x86)\Microsoft SQL Server\160\Tools\Binn\;C:\Program Files\Microsoft SQL Server\160\Tools\Binn\;C:\Program Files\Microsoft SQL Server\Client SDK\ODBC\170\Tools\Binn\;C:\Program Files\Microsoft SQL Server\160\DTS\Binn\;C:\Program Files (x86)\Microsoft SQL Server\160\DTS\Binn\;C:\Program Files\nodejs\;C:\Program Files\Git\cmd;C:\xampp\php;C:\Users\dilan\AppData\Local\Programs\Python\Python313\Scripts\;C:\Users\dilan\AppData\Local\Programs\Python\Python313\;C:\Users\dilan\AppData\Local\Microsoft\WindowsApps;C:\Users\dilan\AppData\Local\Programs\Microsoft VS Code\bin;C:\Users\dilan\AppData\Roaming\npm;C:\Users\dilan\.dotnet\tools;C:\Users\dilan\AppData\Local\GitHubDesktop\bin
USERNAME=dilan
OS=Windows_NT
PROCESSOR_IDENTIFIER=Intel64 Family 6 Model 140 Stepping 1, GenuineIntel
TMP=C:\Users\dilan\AppData\Local\Temp
TEMP=C:\Users\dilan\AppData\Local\Temp




Periodic native trim disabled

---------------  S Y S T E M  ---------------

OS:
 Windows 11 , 64 bit Build 22621 (10.0.22621.5262)
OS uptime: 2 days 23:49 hours
Hyper-V role detected

CPU: total 8 (initial active 8) (4 cores per cpu, 2 threads per core) family 6 model 140 stepping 1 microcode 0xaa, cx8, cmov, fxsr, ht, mmx, 3dnowpref, sse, sse2, sse3, ssse3, sse4.1, sse4.2, popcnt, lzcnt, tsc, tscinvbit, avx, avx2, aes, erms, clmul, bmi1, bmi2, adx, avx512f, avx512dq, avx512cd, avx512bw, avx512vl, sha, fma, vzeroupper, avx512_vpopcntdq, avx512_vpclmulqdq, avx512_vaes, avx512_vnni, clflush, clflushopt, clwb, avx512_vbmi2, avx512_vbmi, hv, rdtscp, rdpid, fsrm, gfni, avx512_bitalg, f16c, cet_ibt, cet_ss, avx512_ifma
Processor Information for the first 8 processors :
  Max Mhz: 2419, Current Mhz: 2419, Mhz Limit: 2419

Memory: 4k page, system-wide physical 7975M (360M free)
TotalPageFile size 32551M (AvailPageFile size 3M)
current process WorkingSet (physical memory assigned to process): 168M, peak: 168M
current process commit charge ("private bytes"): 268M, peak: 269M

vm_info: OpenJDK 64-Bit Server VM (21.0.7+6-LTS) for windows-amd64 JRE (21.0.7+6-LTS), built on 2025-04-15T00:00:00Z by "admin" with MS VC++ 17.7 (VS2022)

END.
